23:55:20.965 [main                     ] DEBUG Logger               - Configured Logger
23:55:20.968 [main                     ] DEBUG GameApplication      - Logging settings
Title: Simple FXGL Game
Version: 0.1
Width: 1600
Height: 1200
Fullscreen: false
Intro: false
Profiling: false
Single step:false
App Mode: DEVELOPER
Menu Key: ESCAPE
Stage Style: DECORATED
Scene Factory: class com.almasb.fxgl.app.scene.SceneFactory

23:55:21.333 [JavaFX Application Thread] DEBUG FXGLApplication      - Initializing FXGL
23:55:21.334 [JavaFX Application Thread] INFO  Engine               - FXGL-11.17 (16.07.2021 15.46) on WINDOWS (J:23.0.1 FX:16)
23:55:21.334 [JavaFX Application Thread] DEBUG Engine               - JRE Vendor Name: Oracle Corporation
23:55:21.334 [JavaFX Application Thread] DEBUG Engine               - Running on OS: Windows 11 version 10.0
23:55:21.334 [JavaFX Application Thread] DEBUG Engine               - Architecture: amd64
23:55:21.334 [JavaFX Application Thread] INFO  Engine               - Source code and latest versions at: https://github.com/AlmasB/FXGL
23:55:21.334 [JavaFX Application Thread] INFO  Engine               -              Join the FXGL chat at: https://gitter.im/AlmasB/FXGL
23:55:21.398 [JavaFX Application Thread] DEBUG PrimaryStageWindow   - Creating a JavaFX scene
23:55:21.427 [JavaFX Application Thread] DEBUG PrimaryStageWindow   - Target settings size: 1600.0 x 1200.0
23:55:21.427 [JavaFX Application Thread] DEBUG PrimaryStageWindow   - Scaled scene size:    1600.0 x 1200.0
23:55:21.427 [JavaFX Application Thread] DEBUG PrimaryStageWindow   - Scaled ratio: (1.0, 1.0)
23:55:21.428 [JavaFX Application Thread] DEBUG PrimaryStageWindow   - Set initial scene to FXGLStartupScene
23:55:21.432 [JavaFX Application Thread] DEBUG PrimaryStageWindow   - Opening main window
23:55:21.491 [JavaFX Application Thread] DEBUG PrimaryStageWindow   - Window border size: (14.6666259765625, 37.3333740234375)
23:55:21.491 [JavaFX Application Thread] DEBUG PrimaryStageWindow   - Scaled size: 1600.0 x 1200.0
23:55:21.491 [JavaFX Application Thread] DEBUG PrimaryStageWindow   - Scaled ratio: (1.0, 1.0)
23:55:21.491 [JavaFX Application Thread] DEBUG PrimaryStageWindow   - Scene size: 1600.0 x 1200.0
23:55:21.491 [JavaFX Application Thread] DEBUG PrimaryStageWindow   - Stage size: 1614.6666259765625 x 1237.3333740234375
23:55:21.496 [FXGL Background Thread 1 ] DEBUG Engine               - Initializing environment variables
23:55:21.552 [FXGL Background Thread 1 ] DEBUG FXGLAssetLoaderServi - User app class for loading assets: class jav.offroadrpg.GameApp
23:55:21.552 [FXGL Background Thread 1 ] DEBUG GameApplicationServi - Applying CSS: fxgl_dark.css
23:55:21.553 [FXGL Background Thread 1 ] DEBUG FXGLAssetLoaderServi - Loading from file system: jar:file:/C:/Users/justi/.m2/repository/com/github/almasb/fxgl/11.17/fxgl-11.17.jar!/fxglassets/ui/css/fxgl_dark.css
23:55:21.580 [FXGL Background Thread 1 ] DEBUG GameApplicationServi - Initializing application scenes
23:55:21.618 [FXGL Background Thread 1 ] DEBUG GameWorld            - Game world initialized
23:55:21.676 [FXGL Background Thread 1 ] DEBUG PhysicsWorld         - Physics world initialized: appHeight=1200, physics.ppm=50.0
23:55:21.677 [FXGL Background Thread 1 ] DEBUG PhysicsWorld         - Using strategy: BRUTE_FORCE
23:55:21.678 [FXGL Background Thread 1 ] DEBUG GameScene            - Game scene initialized: 1600x1200
23:55:21.687 [FXGL Background Thread 1 ] DEBUG FXGL.DefaultMenu     - createMenuBodyGameMenu()
23:55:21.699 [FXGL Background Thread 1 ] DEBUG FXGL.DefaultMenu     - createOptionsMenu()
23:55:21.704 [FXGL Background Thread 1 ] DEBUG FXGLAssetLoaderServi - Loading from file system: jar:file:/C:/Users/justi/.m2/repository/com/github/almasb/fxgl/11.17/fxgl-11.17.jar!/fxglassets/textures/particles/smoke.png
23:55:21.782 [FXGL Background Thread 1 ] DEBUG FXGLAssetLoaderServi - Loading from file system: jar:file:/C:/Users/justi/.m2/repository/com/github/almasb/fxgl/11.17/fxgl-11.17.jar!/fxglassets/textures/particles/trace_horizontal.png
23:55:21.800 [FXGL Background Thread 1 ] DEBUG GameApplicationServi - Application scenes initialized
23:55:21.808 [FXGL Background Thread 1 ] DEBUG SystemBundleService  - Loading FXGL system data
23:55:21.811 [FXGL Background Thread 1 ] DEBUG FileSystemAccess     - Reading from: D:\Mgame\the_rpg\system\fxgl.bundle
23:55:21.818 [FXGL Background Thread 1 ] DEBUG SystemBundleService  - Bundle FXGL: {}
23:55:21.818 [FXGL Background Thread 1 ] DEBUG UpdaterService       - Checking for updates
23:55:21.820 [FXGL Background Thread 4 ] DEBUG FXGLApplication      - Loading fonts
23:55:21.820 [FXGL Background Thread 1 ] DEBUG FXGLApplication      - Loading default localization
23:55:21.820 [FXGL Background Thread 4 ] DEBUG FXGLAssetLoaderServi - Loading from file system: jar:file:/C:/Users/justi/.m2/repository/com/github/almasb/fxgl/11.17/fxgl-11.17.jar!/fxglassets/ui/fonts/VarelaRound-Regular.ttf
23:55:21.820 [FXGL Background Thread 1 ] DEBUG FXGLAssetLoaderServi - Loading from file system: jar:file:/C:/Users/justi/.m2/repository/com/github/almasb/fxgl/11.17/fxgl-11.17.jar!/fxglassets/languages/english.lang
23:55:21.849 [FXGL Background Thread 1 ] INFO  FXGLApplication      - FXGL initialization took: 0.353 sec
23:55:21.855 [JavaFX Application Thread] DEBUG Input                - Registered new binding: Move Right - D
23:55:21.855 [JavaFX Application Thread] DEBUG Input                - Registered new binding: Move Left - A
23:55:21.856 [JavaFX Application Thread] DEBUG Input                - Registered new binding: Move Up - W
23:55:21.856 [JavaFX Application Thread] DEBUG Input                - Registered new binding: Move Down - S
23:55:21.856 [FXGL Background Thread 4 ] DEBUG FXGLAssetLoaderServi - Loading from file system: jar:file:/C:/Users/justi/.m2/repository/com/github/almasb/fxgl/11.17/fxgl-11.17.jar!/fxglassets/ui/fonts/Abel-Regular.ttf
23:55:21.856 [JavaFX Application Thread] DEBUG FXGLAssetLoaderServi - Loading from file system: jar:file:/C:/Users/justi/.m2/repository/com/github/almasb/fxgl/11.17/fxgl-11.17.jar!/fxglassets/textures/fxgl_icon.png
23:55:21.862 [FXGL Background Thread 4 ] DEBUG FXGLAssetLoaderServi - Loading from file system: jar:file:/C:/Users/justi/.m2/repository/com/github/almasb/fxgl/11.17/fxgl-11.17.jar!/fxglassets/ui/fonts/lucida_console.ttf
23:55:21.865 [FXGL Background Thread 4 ] DEBUG FXGLAssetLoaderServi - Loading from file system: jar:file:/C:/Users/justi/.m2/repository/com/github/almasb/fxgl/11.17/fxgl-11.17.jar!/fxglassets/ui/fonts/Courier-Prime.ttf
23:55:21.873 [JavaFX Application Thread] DEBUG FXGLAssetLoaderServi - Loading from file system: jar:file:/C:/Users/justi/.m2/repository/com/github/almasb/fxgl/11.17/fxgl-11.17.jar!/fxglassets/textures/fxgl_default_cursor.png
23:55:21.876 [JavaFX Application Thread] DEBUG Input                - Registered new binding: Screenshot - CTRL+8
23:55:21.877 [JavaFX Application Thread] DEBUG Input                - Registered new binding: System info dump - CTRL+9
23:55:21.878 [JavaFX Application Thread] DEBUG Input                - Registered new binding: Restart - CTRL+R
23:55:21.879 [JavaFX Application Thread] DEBUG Input                - Registered new binding: Toggle Debug Camera - CTRL+C
23:55:21.880 [JavaFX Application Thread] DEBUG LoopRunner           - Starting loop
23:55:21.880 [JavaFX Application Thread] DEBUG LoopRunner           - Initializing JavaFX AnimationTimerLoop
23:55:21.881 [JavaFX Application Thread] DEBUG GameApplicationServi - Starting new game
23:55:21.881 [JavaFX Application Thread] DEBUG Input                - Clearing active input actions
23:55:21.892 [JavaFX Application Thread] DEBUG GameApplicationServi - Removing overlay from FXGLStartupScene and adding to FXGLLoadingScene
23:55:21.893 [JavaFX Application Thread] DEBUG PrimaryStageWindow   - FXGLStartupScene -> FXGLLoadingScene
23:55:21.893 [JavaFX Application Thread] DEBUG GameApplicationServi - Clearing previous game
23:55:21.893 [JavaFX Application Thread] DEBUG GameScene            - Clearing game scene
23:55:21.893 [JavaFX Application Thread] DEBUG GameWorld            - Clearing game world
23:55:21.893 [JavaFX Application Thread] DEBUG PhysicsWorld         - Clearing physics world
23:55:21.895 [FXGL Background Thread 4 ] DEBUG FXGLApplication      - Initializing game
23:55:21.896 [JavaFX Application Thread] DEBUG FXGLApplication      - Registering font factories with UI factory
23:55:21.896 [FXGL Background Thread 4 ] DEBUG FXGLAssetLoaderServi - Loading from file system: file:/D:/Mgame/the_rpg/target/classes/assets/textures/Backgrounds/Intro_village.jpg
23:55:21.931 [FXGL Background Thread 4 ] DEBUG FXGLAssetLoaderServi - Loading from file system: file:/D:/Mgame/the_rpg/target/classes/assets/music/testingSong.mp3
23:55:22.061 [FXGL Background Thread 4 ] DEBUG AudioPlayer          - Playing music com.almasb.fxgl.audio.Music@45ac38e6
23:55:22.065 [FXGL Background Thread 4 ] DEBUG FXGLAssetLoaderServi - Loading from file system: file:/D:/Mgame/the_rpg/target/classes/assets/textures/Objects/tree.png
23:55:22.092 [FXGL Background Thread 4 ] DEBUG FXGLAssetLoaderServi - Loading from file system: file:/D:/Mgame/the_rpg/target/classes/assets/textures/Characters/Knight.png
23:55:22.096 [FXGL Background Thread 4 ] INFO  FXGLApplication      - Game initialization took: 0.202 sec
23:55:22.131 [JavaFX Application Thread] DEBUG Input                - Clearing active input actions
23:55:22.136 [JavaFX Application Thread] DEBUG GameApplicationServi - Removing overlay from FXGLLoadingScene and adding to GameScene
23:55:22.136 [JavaFX Application Thread] DEBUG PrimaryStageWindow   - FXGLLoadingScene -> GameScene
23:55:22.228 [FXGL Background Thread 2 ] INFO  UpdaterService       - Your current version:  11.17
23:55:22.228 [FXGL Background Thread 2 ] INFO  UpdaterService       - Latest stable version: 21.1
23:55:24.821 [FXGL Background Thread 3 ] DEBUG Engine               - Logging environment variables
23:55:24.821 [FXGL Background Thread 3 ] DEBUG Engine               - achievements: []
23:55:24.821 [FXGL Background Thread 3 ] DEBUG Engine               - actualHeight: 1200.0
23:55:24.821 [FXGL Background Thread 3 ] DEBUG Engine               - actualHeightProperty: ReadOnlyDoubleProperty [value: 1200.0]
23:55:24.821 [FXGL Background Thread 3 ] DEBUG Engine               - actualWidth: 1600.0
23:55:24.822 [FXGL Background Thread 3 ] DEBUG Engine               - actualWidthProperty: ReadOnlyDoubleProperty [value: 1600.0]
23:55:24.822 [FXGL Background Thread 3 ] DEBUG Engine               - appIcon: fxgl_icon.png
23:55:24.822 [FXGL Background Thread 3 ] DEBUG Engine               - applicationMode: DEVELOPER
23:55:24.822 [FXGL Background Thread 3 ] DEBUG Engine               - cSSList: [fxgl_dark.css]
23:55:24.822 [FXGL Background Thread 3 ] DEBUG Engine               - collisionDetectionStrategy: BRUTE_FORCE
23:55:24.822 [FXGL Background Thread 3 ] DEBUG Engine               - configClass: Optional.empty
23:55:24.822 [FXGL Background Thread 3 ] DEBUG Engine               - credits: []
23:55:24.822 [FXGL Background Thread 3 ] DEBUG Engine               - defaultCursor: CursorInfo(imageName=fxgl_default_cursor.png, hotspotX=7.0, hotspotY=6.0)
23:55:24.823 [FXGL Background Thread 3 ] DEBUG Engine               - devBBoxColorProperty: ObjectProperty [value: 0xff0000ff]
23:55:24.823 [FXGL Background Thread 3 ] DEBUG Engine               - devEnableDebugCameraProperty: BooleanProperty [value: false]
23:55:24.823 [FXGL Background Thread 3 ] DEBUG Engine               - devSensorColorProperty: ObjectProperty [value: 0xffff00ff]
23:55:24.823 [FXGL Background Thread 3 ] DEBUG Engine               - devShowBBoxProperty: BooleanProperty [value: false]
23:55:24.823 [FXGL Background Thread 3 ] DEBUG Engine               - devShowPositionProperty: BooleanProperty [value: false]
23:55:24.823 [FXGL Background Thread 3 ] DEBUG Engine               - enabledMenuItems: []
23:55:24.823 [FXGL Background Thread 3 ] DEBUG Engine               - engineServices: [class com.almasb.fxgl.app.services.FXGLAssetLoaderService, class com.almasb.fxgl.app.FXGLApplication$GameApplicationService, class com.almasb.fxgl.app.services.FXGLDialogService, class com.almasb.fxgl.app.services.IOTaskExecutorService, class com.almasb.fxgl.io.FileSystemService, class com.almasb.fxgl.localization.LocalizationService, class com.almasb.fxgl.app.services.SystemBundleService, class com.almasb.fxgl.profile.SaveLoadService, class com.almasb.fxgl.ui.FXGLUIFactoryServiceProvider, class com.almasb.fxgl.ui.FXGLDialogFactoryServiceProvider, class com.almasb.fxgl.audio.AudioPlayer, class com.almasb.fxgl.notification.impl.NotificationServiceProvider, class com.almasb.fxgl.achievement.AchievementService, class com.almasb.fxgl.cutscene.CutsceneService, class com.almasb.fxgl.minigames.MiniGameService, class com.almasb.fxgl.net.NetService, class com.almasb.fxgl.app.services.UpdaterService, class com.almasb.fxgl.dev.DevService]
23:55:24.823 [FXGL Background Thread 3 ] DEBUG Engine               - fontGame: Abel-Regular.ttf
23:55:24.824 [FXGL Background Thread 3 ] DEBUG Engine               - fontMono: lucida_console.ttf
23:55:24.824 [FXGL Background Thread 3 ] DEBUG Engine               - fontText: Courier-Prime.ttf
23:55:24.824 [FXGL Background Thread 3 ] DEBUG Engine               - fontUI: VarelaRound-Regular.ttf
23:55:24.824 [FXGL Background Thread 3 ] DEBUG Engine               - fullScreen: BooleanProperty [value: false]
23:55:24.824 [FXGL Background Thread 3 ] DEBUG Engine               - gameDifficulty: MEDIUM
23:55:24.824 [FXGL Background Thread 3 ] DEBUG Engine               - gameDifficultyProperty: ObjectProperty [value: MEDIUM]
23:55:24.824 [FXGL Background Thread 3 ] DEBUG Engine               - globalMusicVolume: 0.5
23:55:24.824 [FXGL Background Thread 3 ] DEBUG Engine               - globalMusicVolumeProperty: DoubleProperty [value: 0.5]
23:55:24.825 [FXGL Background Thread 3 ] DEBUG Engine               - globalSoundVolume: 0.5
23:55:24.825 [FXGL Background Thread 3 ] DEBUG Engine               - globalSoundVolumeProperty: DoubleProperty [value: 0.5]
23:55:24.825 [FXGL Background Thread 3 ] DEBUG Engine               - height: 1200
23:55:24.825 [FXGL Background Thread 3 ] DEBUG Engine               - is3D: false
23:55:24.825 [FXGL Background Thread 3 ] DEBUG Engine               - isAndroid: false
23:55:24.825 [FXGL Background Thread 3 ] DEBUG Engine               - isBrowser: false
23:55:24.825 [FXGL Background Thread 3 ] DEBUG Engine               - isClickFeedbackEnabled: false
23:55:24.825 [FXGL Background Thread 3 ] DEBUG Engine               - isCloseConfirmation: false
23:55:24.825 [FXGL Background Thread 3 ] DEBUG Engine               - isDesktop: true
23:55:24.825 [FXGL Background Thread 3 ] DEBUG Engine               - isDeveloperMenuEnabled: false
23:55:24.825 [FXGL Background Thread 3 ] DEBUG Engine               - isEntityPreloadEnabled: true
23:55:24.825 [FXGL Background Thread 3 ] DEBUG Engine               - isExperimentalTiledLargeMap: false
23:55:24.825 [FXGL Background Thread 3 ] DEBUG Engine               - isFileSystemWriteAllowed: true
23:55:24.825 [FXGL Background Thread 3 ] DEBUG Engine               - isFullScreenAllowed: false
23:55:24.825 [FXGL Background Thread 3 ] DEBUG Engine               - isFullScreenFromStart: false
23:55:24.825 [FXGL Background Thread 3 ] DEBUG Engine               - isGameMenuEnabled: true
23:55:24.825 [FXGL Background Thread 3 ] DEBUG Engine               - isIOS: false
23:55:24.825 [FXGL Background Thread 3 ] DEBUG Engine               - isIntroEnabled: false
23:55:24.825 [FXGL Background Thread 3 ] DEBUG Engine               - isLinux: false
23:55:24.825 [FXGL Background Thread 3 ] DEBUG Engine               - isMac: false
23:55:24.826 [FXGL Background Thread 3 ] DEBUG Engine               - isMainMenuEnabled: false
23:55:24.826 [FXGL Background Thread 3 ] DEBUG Engine               - isManualResizeEnabled: false
23:55:24.826 [FXGL Background Thread 3 ] DEBUG Engine               - isMobile: false
23:55:24.826 [FXGL Background Thread 3 ] DEBUG Engine               - isNative: false
23:55:24.826 [FXGL Background Thread 3 ] DEBUG Engine               - isPauseMusicWhenMinimized: true
23:55:24.826 [FXGL Background Thread 3 ] DEBUG Engine               - isPreserveResizeRatio: false
23:55:24.826 [FXGL Background Thread 3 ] DEBUG Engine               - isProfilingEnabled: false
23:55:24.826 [FXGL Background Thread 3 ] DEBUG Engine               - isScaleAffectedOnResize: true
23:55:24.826 [FXGL Background Thread 3 ] DEBUG Engine               - isSingleStep: false
23:55:24.826 [FXGL Background Thread 3 ] DEBUG Engine               - isUserProfileEnabled: false
23:55:24.826 [FXGL Background Thread 3 ] DEBUG Engine               - isWindows: true
23:55:24.826 [FXGL Background Thread 3 ] DEBUG Engine               - language: ObjectProperty [value: ENGLISH]
23:55:24.826 [FXGL Background Thread 3 ] DEBUG Engine               - menuKey: ESCAPE
23:55:24.826 [FXGL Background Thread 3 ] DEBUG Engine               - mouseSensitivity: 0.2
23:55:24.826 [FXGL Background Thread 3 ] DEBUG Engine               - notificationViewClass: class com.almasb.fxgl.notification.view.XboxNotificationView
23:55:24.826 [FXGL Background Thread 3 ] DEBUG Engine               - pixelsPerMeter: 50.0
23:55:24.826 [FXGL Background Thread 3 ] DEBUG Engine               - platform: WINDOWS
23:55:24.826 [FXGL Background Thread 3 ] DEBUG Engine               - prefHeightProperty: ReadOnlyDoubleProperty [value: 1200.0]
23:55:24.826 [FXGL Background Thread 3 ] DEBUG Engine               - prefWidthProperty: ReadOnlyDoubleProperty [value: 1600.0]
23:55:24.826 [FXGL Background Thread 3 ] DEBUG Engine               - profileDir: profiles/
23:55:24.826 [FXGL Background Thread 3 ] DEBUG Engine               - profileName: StringProperty [value: DEFAULT]
23:55:24.826 [FXGL Background Thread 3 ] DEBUG Engine               - randomSeed: -1
23:55:24.826 [FXGL Background Thread 3 ] DEBUG Engine               - runtimeInfo: RuntimeInfo(platform=WINDOWS, version=11.17, build=16.07.2021 15.46)
23:55:24.826 [FXGL Background Thread 3 ] DEBUG Engine               - saveFileExt: sav
23:55:24.826 [FXGL Background Thread 3 ] DEBUG Engine               - scaledHeightProp$fxgl: DoubleProperty [bound, value: 1200.0]
23:55:24.826 [FXGL Background Thread 3 ] DEBUG Engine               - scaledWidthProp$fxgl: DoubleProperty [bound, value: 1600.0]
23:55:24.827 [FXGL Background Thread 3 ] DEBUG Engine               - sceneFactory: com.almasb.fxgl.app.scene.SceneFactory@28368a72
23:55:24.827 [FXGL Background Thread 3 ] DEBUG Engine               - secondsIn24h: 60
23:55:24.827 [FXGL Background Thread 3 ] DEBUG Engine               - soundMenuBack: menu/back.wav
23:55:24.827 [FXGL Background Thread 3 ] DEBUG Engine               - soundMenuPress: menu/press.wav
23:55:24.827 [FXGL Background Thread 3 ] DEBUG Engine               - soundMenuSelect: menu/select.wav
23:55:24.827 [FXGL Background Thread 3 ] DEBUG Engine               - soundNotification: core/notification.wav
23:55:24.827 [FXGL Background Thread 3 ] DEBUG Engine               - stageStyle: DECORATED
23:55:24.827 [FXGL Background Thread 3 ] DEBUG Engine               - supportedLanguages: [ENGLISH, FRENCH, GERMAN, HUNGARIAN, RUSSIAN]
23:55:24.827 [FXGL Background Thread 3 ] DEBUG Engine               - ticksPerSecond: -1
23:55:24.827 [FXGL Background Thread 3 ] DEBUG Engine               - title: Simple FXGL Game
23:55:24.827 [FXGL Background Thread 3 ] DEBUG Engine               - urlGithub: https://github.com/AlmasB/FXGL
23:55:24.827 [FXGL Background Thread 3 ] DEBUG Engine               - urlLeaderboard: http://fxgl-top.herokuapp.com/
23:55:24.827 [FXGL Background Thread 3 ] DEBUG Engine               - urlPOM: https://raw.githubusercontent.com/AlmasB/FXGL/release/README.md
23:55:24.827 [FXGL Background Thread 3 ] DEBUG Engine               - userAppClass: class jav.offroadrpg.GameApp
23:55:24.827 [FXGL Background Thread 3 ] DEBUG Engine               - version: 0.1
23:55:24.827 [FXGL Background Thread 3 ] DEBUG Engine               - versionCheckDays: 7
23:55:24.827 [FXGL Background Thread 3 ] DEBUG Engine               - width: 1600
23:55:24.827 [FXGL Background Thread 3 ] DEBUG Engine               - Logging services
23:55:24.827 [FXGL Background Thread 3 ] DEBUG Engine               - class com.almasb.fxgl.app.services.FXGLAssetLoaderService
23:55:24.827 [FXGL Background Thread 3 ] DEBUG Engine               - class com.almasb.fxgl.app.FXGLApplication$GameApplicationService
23:55:24.827 [FXGL Background Thread 3 ] DEBUG Engine               - class com.almasb.fxgl.app.services.FXGLDialogService
23:55:24.827 [FXGL Background Thread 3 ] DEBUG Engine               - class com.almasb.fxgl.app.services.IOTaskExecutorService
23:55:24.827 [FXGL Background Thread 3 ] DEBUG Engine               - class com.almasb.fxgl.io.FileSystemService
23:55:24.827 [FXGL Background Thread 3 ] DEBUG Engine               - class com.almasb.fxgl.localization.LocalizationService
23:55:24.827 [FXGL Background Thread 3 ] DEBUG Engine               - class com.almasb.fxgl.app.services.SystemBundleService
23:55:24.827 [FXGL Background Thread 3 ] DEBUG Engine               - class com.almasb.fxgl.profile.SaveLoadService
23:55:24.827 [FXGL Background Thread 3 ] DEBUG Engine               - class com.almasb.fxgl.ui.FXGLUIFactoryServiceProvider
23:55:24.827 [FXGL Background Thread 3 ] DEBUG Engine               - class com.almasb.fxgl.ui.FXGLDialogFactoryServiceProvider
23:55:24.827 [FXGL Background Thread 3 ] DEBUG Engine               - class com.almasb.fxgl.audio.AudioPlayer
23:55:24.827 [FXGL Background Thread 3 ] DEBUG Engine               - class com.almasb.fxgl.notification.impl.NotificationServiceProvider
23:55:24.827 [FXGL Background Thread 3 ] DEBUG Engine               - class com.almasb.fxgl.achievement.AchievementService
23:55:24.827 [FXGL Background Thread 3 ] DEBUG Engine               - class com.almasb.fxgl.cutscene.CutsceneService
23:55:24.827 [FXGL Background Thread 3 ] DEBUG Engine               - class com.almasb.fxgl.minigames.MiniGameService
23:55:24.828 [FXGL Background Thread 3 ] DEBUG Engine               - class com.almasb.fxgl.net.NetService
23:55:24.828 [FXGL Background Thread 3 ] DEBUG Engine               - class com.almasb.fxgl.app.services.UpdaterService
23:55:24.828 [FXGL Background Thread 3 ] DEBUG Engine               - class com.almasb.fxgl.dev.DevService
23:55:29.188 [JavaFX Application Thread] DEBUG FXGLApplication      - Exiting FXGL
23:55:29.189 [JavaFX Application Thread] DEBUG LoopRunner           - Stopping loop
23:55:29.189 [JavaFX Application Thread] DEBUG SystemBundleService  - Saving FXGL system data
23:55:29.190 [JavaFX Application Thread] DEBUG FileSystemAccess     - Writing to: D:\Mgame\the_rpg\system\fxgl.bundle
23:55:29.192 [JavaFX Application Thread] DEBUG Async                - Shutting down background threads
23:55:29.192 [JavaFX Application Thread] DEBUG PrimaryStageWindow   - Closing main window
23:55:29.210 [JavaFX Application Thread] DEBUG Logger               - Closing Logger
