23:45:55.337 [main                     ] DEBUG Logger               - Configured Logger
23:45:55.339 [main                     ] DEBUG GameApplication      - Logging settings
Title: Simple FXGL Game
Version: 0.1
Width: 1600
Height: 1200
Fullscreen: false
Intro: false
Profiling: false
Single step:false
App Mode: DEVELOPER
Menu Key: ESCAPE
Stage Style: DECORATED
Scene Factory: class com.almasb.fxgl.app.scene.SceneFactory

23:45:55.700 [JavaFX Application Thread] DEBUG FXGLApplication      - Initializing FXGL
23:45:55.701 [JavaFX Application Thread] INFO  Engine               - FXGL-11.17 (16.07.2021 15.46) on WINDOWS (J:23.0.1 FX:16)
23:45:55.702 [JavaFX Application Thread] DEBUG Engine               - JRE Vendor Name: Oracle Corporation
23:45:55.702 [JavaFX Application Thread] DEBUG Engine               - Running on OS: Windows 11 version 10.0
23:45:55.702 [JavaFX Application Thread] DEBUG Engine               - Architecture: amd64
23:45:55.702 [JavaFX Application Thread] INFO  Engine               - Source code and latest versions at: https://github.com/AlmasB/FXGL
23:45:55.702 [JavaFX Application Thread] INFO  Engine               -              Join the FXGL chat at: https://gitter.im/AlmasB/FXGL
23:45:55.766 [JavaFX Application Thread] DEBUG PrimaryStageWindow   - Creating a JavaFX scene
23:45:55.795 [JavaFX Application Thread] DEBUG PrimaryStageWindow   - Target settings size: 1600.0 x 1200.0
23:45:55.795 [JavaFX Application Thread] DEBUG PrimaryStageWindow   - Scaled scene size:    1600.0 x 1200.0
23:45:55.795 [JavaFX Application Thread] DEBUG PrimaryStageWindow   - Scaled ratio: (1.0, 1.0)
23:45:55.796 [JavaFX Application Thread] DEBUG PrimaryStageWindow   - Set initial scene to FXGLStartupScene
23:45:55.800 [JavaFX Application Thread] DEBUG PrimaryStageWindow   - Opening main window
23:45:55.867 [JavaFX Application Thread] DEBUG PrimaryStageWindow   - Window border size: (14.6666259765625, 37.3333740234375)
23:45:55.867 [JavaFX Application Thread] DEBUG PrimaryStageWindow   - Scaled size: 1600.0 x 1200.0
23:45:55.867 [JavaFX Application Thread] DEBUG PrimaryStageWindow   - Scaled ratio: (1.0, 1.0)
23:45:55.867 [JavaFX Application Thread] DEBUG PrimaryStageWindow   - Scene size: 1600.0 x 1200.0
23:45:55.867 [JavaFX Application Thread] DEBUG PrimaryStageWindow   - Stage size: 1614.6666259765625 x 1237.3333740234375
23:45:55.871 [FXGL Background Thread 1 ] DEBUG Engine               - Initializing environment variables
23:45:55.933 [FXGL Background Thread 1 ] DEBUG FXGLAssetLoaderServi - User app class for loading assets: class jav.offroadrpg.GameApp
23:45:55.933 [FXGL Background Thread 1 ] DEBUG GameApplicationServi - Applying CSS: fxgl_dark.css
23:45:55.934 [FXGL Background Thread 1 ] DEBUG FXGLAssetLoaderServi - Loading from file system: jar:file:/C:/Users/justi/.m2/repository/com/github/almasb/fxgl/11.17/fxgl-11.17.jar!/fxglassets/ui/css/fxgl_dark.css
23:45:55.960 [FXGL Background Thread 1 ] DEBUG GameApplicationServi - Initializing application scenes
23:45:56.006 [FXGL Background Thread 1 ] DEBUG GameWorld            - Game world initialized
23:45:56.065 [FXGL Background Thread 1 ] DEBUG PhysicsWorld         - Physics world initialized: appHeight=1200, physics.ppm=50.0
23:45:56.066 [FXGL Background Thread 1 ] DEBUG PhysicsWorld         - Using strategy: BRUTE_FORCE
23:45:56.068 [FXGL Background Thread 1 ] DEBUG GameScene            - Game scene initialized: 1600x1200
23:45:56.076 [FXGL Background Thread 1 ] DEBUG FXGL.DefaultMenu     - createMenuBodyGameMenu()
23:45:56.087 [FXGL Background Thread 1 ] DEBUG FXGL.DefaultMenu     - createOptionsMenu()
23:45:56.094 [FXGL Background Thread 1 ] DEBUG FXGLAssetLoaderServi - Loading from file system: jar:file:/C:/Users/justi/.m2/repository/com/github/almasb/fxgl/11.17/fxgl-11.17.jar!/fxglassets/textures/particles/smoke.png
23:45:56.170 [FXGL Background Thread 1 ] DEBUG FXGLAssetLoaderServi - Loading from file system: jar:file:/C:/Users/justi/.m2/repository/com/github/almasb/fxgl/11.17/fxgl-11.17.jar!/fxglassets/textures/particles/trace_horizontal.png
23:45:56.188 [FXGL Background Thread 1 ] DEBUG GameApplicationServi - Application scenes initialized
23:45:56.196 [FXGL Background Thread 1 ] DEBUG SystemBundleService  - Loading FXGL system data
23:45:56.200 [FXGL Background Thread 1 ] DEBUG FileSystemAccess     - Reading from: D:\Mgame\the_rpg\system\fxgl.bundle
23:45:56.205 [FXGL Background Thread 1 ] DEBUG SystemBundleService  - Bundle FXGL: {}
23:45:56.205 [FXGL Background Thread 1 ] DEBUG UpdaterService       - Checking for updates
23:45:56.208 [FXGL Background Thread 4 ] DEBUG FXGLApplication      - Loading fonts
23:45:56.208 [FXGL Background Thread 1 ] DEBUG FXGLApplication      - Loading default localization
23:45:56.208 [FXGL Background Thread 4 ] DEBUG FXGLAssetLoaderServi - Loading from file system: jar:file:/C:/Users/justi/.m2/repository/com/github/almasb/fxgl/11.17/fxgl-11.17.jar!/fxglassets/ui/fonts/VarelaRound-Regular.ttf
23:45:56.209 [FXGL Background Thread 1 ] DEBUG FXGLAssetLoaderServi - Loading from file system: jar:file:/C:/Users/justi/.m2/repository/com/github/almasb/fxgl/11.17/fxgl-11.17.jar!/fxglassets/languages/english.lang
23:45:56.235 [FXGL Background Thread 1 ] INFO  FXGLApplication      - FXGL initialization took: 0.362 sec
23:45:56.240 [JavaFX Application Thread] DEBUG Input                - Registered new binding: Move Right - D
23:45:56.240 [JavaFX Application Thread] DEBUG Input                - Registered new binding: Move Left - A
23:45:56.240 [JavaFX Application Thread] DEBUG Input                - Registered new binding: Move Up - W
23:45:56.240 [JavaFX Application Thread] DEBUG Input                - Registered new binding: Move Down - S
23:45:56.240 [JavaFX Application Thread] DEBUG FXGLAssetLoaderServi - Loading from file system: jar:file:/C:/Users/justi/.m2/repository/com/github/almasb/fxgl/11.17/fxgl-11.17.jar!/fxglassets/textures/fxgl_icon.png
23:45:56.242 [FXGL Background Thread 4 ] DEBUG FXGLAssetLoaderServi - Loading from file system: jar:file:/C:/Users/justi/.m2/repository/com/github/almasb/fxgl/11.17/fxgl-11.17.jar!/fxglassets/ui/fonts/Abel-Regular.ttf
23:45:56.245 [FXGL Background Thread 4 ] DEBUG FXGLAssetLoaderServi - Loading from file system: jar:file:/C:/Users/justi/.m2/repository/com/github/almasb/fxgl/11.17/fxgl-11.17.jar!/fxglassets/ui/fonts/lucida_console.ttf
23:45:56.249 [FXGL Background Thread 4 ] DEBUG FXGLAssetLoaderServi - Loading from file system: jar:file:/C:/Users/justi/.m2/repository/com/github/almasb/fxgl/11.17/fxgl-11.17.jar!/fxglassets/ui/fonts/Courier-Prime.ttf
23:45:56.255 [JavaFX Application Thread] DEBUG FXGLAssetLoaderServi - Loading from file system: jar:file:/C:/Users/justi/.m2/repository/com/github/almasb/fxgl/11.17/fxgl-11.17.jar!/fxglassets/textures/fxgl_default_cursor.png
23:45:56.258 [JavaFX Application Thread] DEBUG Input                - Registered new binding: Screenshot - CTRL+8
23:45:56.258 [JavaFX Application Thread] DEBUG Input                - Registered new binding: System info dump - CTRL+9
23:45:56.259 [JavaFX Application Thread] DEBUG Input                - Registered new binding: Restart - CTRL+R
23:45:56.260 [JavaFX Application Thread] DEBUG Input                - Registered new binding: Toggle Debug Camera - CTRL+C
23:45:56.266 [JavaFX Application Thread] DEBUG LoopRunner           - Starting loop
23:45:56.266 [JavaFX Application Thread] DEBUG LoopRunner           - Initializing JavaFX AnimationTimerLoop
23:45:56.268 [JavaFX Application Thread] DEBUG GameApplicationServi - Starting new game
23:45:56.268 [JavaFX Application Thread] DEBUG Input                - Clearing active input actions
23:45:56.280 [JavaFX Application Thread] DEBUG GameApplicationServi - Removing overlay from FXGLStartupScene and adding to FXGLLoadingScene
23:45:56.281 [JavaFX Application Thread] DEBUG PrimaryStageWindow   - FXGLStartupScene -> FXGLLoadingScene
23:45:56.281 [JavaFX Application Thread] DEBUG GameApplicationServi - Clearing previous game
23:45:56.281 [JavaFX Application Thread] DEBUG GameScene            - Clearing game scene
23:45:56.281 [JavaFX Application Thread] DEBUG GameWorld            - Clearing game world
23:45:56.281 [JavaFX Application Thread] DEBUG PhysicsWorld         - Clearing physics world
23:45:56.283 [FXGL Background Thread 4 ] DEBUG FXGLApplication      - Initializing game
23:45:56.284 [JavaFX Application Thread] DEBUG FXGLApplication      - Registering font factories with UI factory
23:45:56.284 [FXGL Background Thread 4 ] DEBUG FXGLAssetLoaderServi - Loading from file system: file:/D:/Mgame/the_rpg/target/classes/assets/textures/Backgrounds/Intro_village.jpg
23:45:56.326 [FXGL Background Thread 4 ] DEBUG FXGLAssetLoaderServi - Loading from file system: file:/D:/Mgame/the_rpg/target/classes/assets/music/testingSong.mp3
23:45:56.467 [FXGL Background Thread 4 ] DEBUG AudioPlayer          - Playing music com.almasb.fxgl.audio.Music@390c1c9
23:45:56.471 [FXGL Background Thread 4 ] DEBUG FXGLAssetLoaderServi - Loading from file system: file:/D:/Mgame/the_rpg/target/classes/assets/textures/Objects/tree.png
23:45:56.511 [FXGL Background Thread 4 ] DEBUG FXGLAssetLoaderServi - Loading from file system: file:/D:/Mgame/the_rpg/target/classes/assets/textures/Characters/Knight.png
23:45:56.517 [FXGL Background Thread 4 ] INFO  FXGLApplication      - Game initialization took: 0.233 sec
23:45:56.535 [JavaFX Application Thread] DEBUG Input                - Clearing active input actions
23:45:56.540 [JavaFX Application Thread] DEBUG GameApplicationServi - Removing overlay from FXGLLoadingScene and adding to GameScene
23:45:56.541 [JavaFX Application Thread] DEBUG PrimaryStageWindow   - FXGLLoadingScene -> GameScene
23:45:56.649 [FXGL Background Thread 2 ] INFO  UpdaterService       - Your current version:  11.17
23:45:56.649 [FXGL Background Thread 2 ] INFO  UpdaterService       - Latest stable version: 21.1
23:45:59.209 [FXGL Background Thread 3 ] DEBUG Engine               - Logging environment variables
23:45:59.210 [FXGL Background Thread 3 ] DEBUG Engine               - achievements: []
23:45:59.210 [FXGL Background Thread 3 ] DEBUG Engine               - actualHeight: 1200.0
23:45:59.210 [FXGL Background Thread 3 ] DEBUG Engine               - actualHeightProperty: ReadOnlyDoubleProperty [value: 1200.0]
23:45:59.211 [FXGL Background Thread 3 ] DEBUG Engine               - actualWidth: 1600.0
23:45:59.211 [FXGL Background Thread 3 ] DEBUG Engine               - actualWidthProperty: ReadOnlyDoubleProperty [value: 1600.0]
23:45:59.211 [FXGL Background Thread 3 ] DEBUG Engine               - appIcon: fxgl_icon.png
23:45:59.211 [FXGL Background Thread 3 ] DEBUG Engine               - applicationMode: DEVELOPER
23:45:59.211 [FXGL Background Thread 3 ] DEBUG Engine               - cSSList: [fxgl_dark.css]
23:45:59.211 [FXGL Background Thread 3 ] DEBUG Engine               - collisionDetectionStrategy: BRUTE_FORCE
23:45:59.211 [FXGL Background Thread 3 ] DEBUG Engine               - configClass: Optional.empty
23:45:59.211 [FXGL Background Thread 3 ] DEBUG Engine               - credits: []
23:45:59.211 [FXGL Background Thread 3 ] DEBUG Engine               - defaultCursor: CursorInfo(imageName=fxgl_default_cursor.png, hotspotX=7.0, hotspotY=6.0)
23:45:59.211 [FXGL Background Thread 3 ] DEBUG Engine               - devBBoxColorProperty: ObjectProperty [value: 0xff0000ff]
23:45:59.211 [FXGL Background Thread 3 ] DEBUG Engine               - devEnableDebugCameraProperty: BooleanProperty [value: false]
23:45:59.211 [FXGL Background Thread 3 ] DEBUG Engine               - devSensorColorProperty: ObjectProperty [value: 0xffff00ff]
23:45:59.211 [FXGL Background Thread 3 ] DEBUG Engine               - devShowBBoxProperty: BooleanProperty [value: false]
23:45:59.212 [FXGL Background Thread 3 ] DEBUG Engine               - devShowPositionProperty: BooleanProperty [value: false]
23:45:59.212 [FXGL Background Thread 3 ] DEBUG Engine               - enabledMenuItems: []
23:45:59.212 [FXGL Background Thread 3 ] DEBUG Engine               - engineServices: [class com.almasb.fxgl.app.services.FXGLAssetLoaderService, class com.almasb.fxgl.app.FXGLApplication$GameApplicationService, class com.almasb.fxgl.app.services.FXGLDialogService, class com.almasb.fxgl.app.services.IOTaskExecutorService, class com.almasb.fxgl.io.FileSystemService, class com.almasb.fxgl.localization.LocalizationService, class com.almasb.fxgl.app.services.SystemBundleService, class com.almasb.fxgl.profile.SaveLoadService, class com.almasb.fxgl.ui.FXGLUIFactoryServiceProvider, class com.almasb.fxgl.ui.FXGLDialogFactoryServiceProvider, class com.almasb.fxgl.audio.AudioPlayer, class com.almasb.fxgl.notification.impl.NotificationServiceProvider, class com.almasb.fxgl.achievement.AchievementService, class com.almasb.fxgl.cutscene.CutsceneService, class com.almasb.fxgl.minigames.MiniGameService, class com.almasb.fxgl.net.NetService, class com.almasb.fxgl.app.services.UpdaterService, class com.almasb.fxgl.dev.DevService]
23:45:59.212 [FXGL Background Thread 3 ] DEBUG Engine               - fontGame: Abel-Regular.ttf
23:45:59.212 [FXGL Background Thread 3 ] DEBUG Engine               - fontMono: lucida_console.ttf
23:45:59.212 [FXGL Background Thread 3 ] DEBUG Engine               - fontText: Courier-Prime.ttf
23:45:59.212 [FXGL Background Thread 3 ] DEBUG Engine               - fontUI: VarelaRound-Regular.ttf
23:45:59.212 [FXGL Background Thread 3 ] DEBUG Engine               - fullScreen: BooleanProperty [value: false]
23:45:59.212 [FXGL Background Thread 3 ] DEBUG Engine               - gameDifficulty: MEDIUM
23:45:59.212 [FXGL Background Thread 3 ] DEBUG Engine               - gameDifficultyProperty: ObjectProperty [value: MEDIUM]
23:45:59.212 [FXGL Background Thread 3 ] DEBUG Engine               - globalMusicVolume: 0.5
23:45:59.212 [FXGL Background Thread 3 ] DEBUG Engine               - globalMusicVolumeProperty: DoubleProperty [value: 0.5]
23:45:59.212 [FXGL Background Thread 3 ] DEBUG Engine               - globalSoundVolume: 0.5
23:45:59.212 [FXGL Background Thread 3 ] DEBUG Engine               - globalSoundVolumeProperty: DoubleProperty [value: 0.5]
23:45:59.212 [FXGL Background Thread 3 ] DEBUG Engine               - height: 1200
23:45:59.212 [FXGL Background Thread 3 ] DEBUG Engine               - is3D: false
23:45:59.212 [FXGL Background Thread 3 ] DEBUG Engine               - isAndroid: false
23:45:59.212 [FXGL Background Thread 3 ] DEBUG Engine               - isBrowser: false
23:45:59.212 [FXGL Background Thread 3 ] DEBUG Engine               - isClickFeedbackEnabled: false
23:45:59.213 [FXGL Background Thread 3 ] DEBUG Engine               - isCloseConfirmation: false
23:45:59.213 [FXGL Background Thread 3 ] DEBUG Engine               - isDesktop: true
23:45:59.213 [FXGL Background Thread 3 ] DEBUG Engine               - isDeveloperMenuEnabled: false
23:45:59.213 [FXGL Background Thread 3 ] DEBUG Engine               - isEntityPreloadEnabled: true
23:45:59.213 [FXGL Background Thread 3 ] DEBUG Engine               - isExperimentalTiledLargeMap: false
23:45:59.214 [FXGL Background Thread 3 ] DEBUG Engine               - isFileSystemWriteAllowed: true
23:45:59.214 [FXGL Background Thread 3 ] DEBUG Engine               - isFullScreenAllowed: false
23:45:59.214 [FXGL Background Thread 3 ] DEBUG Engine               - isFullScreenFromStart: false
23:45:59.214 [FXGL Background Thread 3 ] DEBUG Engine               - isGameMenuEnabled: true
23:45:59.214 [FXGL Background Thread 3 ] DEBUG Engine               - isIOS: false
23:45:59.215 [FXGL Background Thread 3 ] DEBUG Engine               - isIntroEnabled: false
23:45:59.215 [FXGL Background Thread 3 ] DEBUG Engine               - isLinux: false
23:45:59.215 [FXGL Background Thread 3 ] DEBUG Engine               - isMac: false
23:45:59.215 [FXGL Background Thread 3 ] DEBUG Engine               - isMainMenuEnabled: false
23:45:59.215 [FXGL Background Thread 3 ] DEBUG Engine               - isManualResizeEnabled: false
23:45:59.215 [FXGL Background Thread 3 ] DEBUG Engine               - isMobile: false
23:45:59.215 [FXGL Background Thread 3 ] DEBUG Engine               - isNative: false
23:45:59.215 [FXGL Background Thread 3 ] DEBUG Engine               - isPauseMusicWhenMinimized: true
23:45:59.215 [FXGL Background Thread 3 ] DEBUG Engine               - isPreserveResizeRatio: false
23:45:59.215 [FXGL Background Thread 3 ] DEBUG Engine               - isProfilingEnabled: false
23:45:59.215 [FXGL Background Thread 3 ] DEBUG Engine               - isScaleAffectedOnResize: true
23:45:59.215 [FXGL Background Thread 3 ] DEBUG Engine               - isSingleStep: false
23:45:59.215 [FXGL Background Thread 3 ] DEBUG Engine               - isUserProfileEnabled: false
23:45:59.215 [FXGL Background Thread 3 ] DEBUG Engine               - isWindows: true
23:45:59.216 [FXGL Background Thread 3 ] DEBUG Engine               - language: ObjectProperty [value: ENGLISH]
23:45:59.216 [FXGL Background Thread 3 ] DEBUG Engine               - menuKey: ESCAPE
23:45:59.216 [FXGL Background Thread 3 ] DEBUG Engine               - mouseSensitivity: 0.2
23:45:59.216 [FXGL Background Thread 3 ] DEBUG Engine               - notificationViewClass: class com.almasb.fxgl.notification.view.XboxNotificationView
23:45:59.216 [FXGL Background Thread 3 ] DEBUG Engine               - pixelsPerMeter: 50.0
23:45:59.216 [FXGL Background Thread 3 ] DEBUG Engine               - platform: WINDOWS
23:45:59.216 [FXGL Background Thread 3 ] DEBUG Engine               - prefHeightProperty: ReadOnlyDoubleProperty [value: 1200.0]
23:45:59.216 [FXGL Background Thread 3 ] DEBUG Engine               - prefWidthProperty: ReadOnlyDoubleProperty [value: 1600.0]
23:45:59.216 [FXGL Background Thread 3 ] DEBUG Engine               - profileDir: profiles/
23:45:59.216 [FXGL Background Thread 3 ] DEBUG Engine               - profileName: StringProperty [value: DEFAULT]
23:45:59.216 [FXGL Background Thread 3 ] DEBUG Engine               - randomSeed: -1
23:45:59.216 [FXGL Background Thread 3 ] DEBUG Engine               - runtimeInfo: RuntimeInfo(platform=WINDOWS, version=11.17, build=16.07.2021 15.46)
23:45:59.217 [FXGL Background Thread 3 ] DEBUG Engine               - saveFileExt: sav
23:45:59.217 [FXGL Background Thread 3 ] DEBUG Engine               - scaledHeightProp$fxgl: DoubleProperty [bound, value: 1200.0]
23:45:59.217 [FXGL Background Thread 3 ] DEBUG Engine               - scaledWidthProp$fxgl: DoubleProperty [bound, value: 1600.0]
23:45:59.217 [FXGL Background Thread 3 ] DEBUG Engine               - sceneFactory: com.almasb.fxgl.app.scene.SceneFactory@9b6f0df
23:45:59.217 [FXGL Background Thread 3 ] DEBUG Engine               - secondsIn24h: 60
23:45:59.217 [FXGL Background Thread 3 ] DEBUG Engine               - soundMenuBack: menu/back.wav
23:45:59.217 [FXGL Background Thread 3 ] DEBUG Engine               - soundMenuPress: menu/press.wav
23:45:59.217 [FXGL Background Thread 3 ] DEBUG Engine               - soundMenuSelect: menu/select.wav
23:45:59.217 [FXGL Background Thread 3 ] DEBUG Engine               - soundNotification: core/notification.wav
23:45:59.217 [FXGL Background Thread 3 ] DEBUG Engine               - stageStyle: DECORATED
23:45:59.217 [FXGL Background Thread 3 ] DEBUG Engine               - supportedLanguages: [ENGLISH, FRENCH, GERMAN, HUNGARIAN, RUSSIAN]
23:45:59.217 [FXGL Background Thread 3 ] DEBUG Engine               - ticksPerSecond: -1
23:45:59.217 [FXGL Background Thread 3 ] DEBUG Engine               - title: Simple FXGL Game
23:45:59.217 [FXGL Background Thread 3 ] DEBUG Engine               - urlGithub: https://github.com/AlmasB/FXGL
23:45:59.217 [FXGL Background Thread 3 ] DEBUG Engine               - urlLeaderboard: http://fxgl-top.herokuapp.com/
23:45:59.217 [FXGL Background Thread 3 ] DEBUG Engine               - urlPOM: https://raw.githubusercontent.com/AlmasB/FXGL/release/README.md
23:45:59.217 [FXGL Background Thread 3 ] DEBUG Engine               - userAppClass: class jav.offroadrpg.GameApp
23:45:59.217 [FXGL Background Thread 3 ] DEBUG Engine               - version: 0.1
23:45:59.217 [FXGL Background Thread 3 ] DEBUG Engine               - versionCheckDays: 7
23:45:59.217 [FXGL Background Thread 3 ] DEBUG Engine               - width: 1600
23:45:59.217 [FXGL Background Thread 3 ] DEBUG Engine               - Logging services
23:45:59.217 [FXGL Background Thread 3 ] DEBUG Engine               - class com.almasb.fxgl.app.services.FXGLAssetLoaderService
23:45:59.217 [FXGL Background Thread 3 ] DEBUG Engine               - class com.almasb.fxgl.app.FXGLApplication$GameApplicationService
23:45:59.217 [FXGL Background Thread 3 ] DEBUG Engine               - class com.almasb.fxgl.app.services.FXGLDialogService
23:45:59.217 [FXGL Background Thread 3 ] DEBUG Engine               - class com.almasb.fxgl.app.services.IOTaskExecutorService
23:45:59.217 [FXGL Background Thread 3 ] DEBUG Engine               - class com.almasb.fxgl.io.FileSystemService
23:45:59.217 [FXGL Background Thread 3 ] DEBUG Engine               - class com.almasb.fxgl.localization.LocalizationService
23:45:59.217 [FXGL Background Thread 3 ] DEBUG Engine               - class com.almasb.fxgl.app.services.SystemBundleService
23:45:59.217 [FXGL Background Thread 3 ] DEBUG Engine               - class com.almasb.fxgl.profile.SaveLoadService
23:45:59.217 [FXGL Background Thread 3 ] DEBUG Engine               - class com.almasb.fxgl.ui.FXGLUIFactoryServiceProvider
23:45:59.217 [FXGL Background Thread 3 ] DEBUG Engine               - class com.almasb.fxgl.ui.FXGLDialogFactoryServiceProvider
23:45:59.217 [FXGL Background Thread 3 ] DEBUG Engine               - class com.almasb.fxgl.audio.AudioPlayer
23:45:59.217 [FXGL Background Thread 3 ] DEBUG Engine               - class com.almasb.fxgl.notification.impl.NotificationServiceProvider
23:45:59.217 [FXGL Background Thread 3 ] DEBUG Engine               - class com.almasb.fxgl.achievement.AchievementService
23:45:59.217 [FXGL Background Thread 3 ] DEBUG Engine               - class com.almasb.fxgl.cutscene.CutsceneService
23:45:59.217 [FXGL Background Thread 3 ] DEBUG Engine               - class com.almasb.fxgl.minigames.MiniGameService
23:45:59.217 [FXGL Background Thread 3 ] DEBUG Engine               - class com.almasb.fxgl.net.NetService
23:45:59.217 [FXGL Background Thread 3 ] DEBUG Engine               - class com.almasb.fxgl.app.services.UpdaterService
23:45:59.217 [FXGL Background Thread 3 ] DEBUG Engine               - class com.almasb.fxgl.dev.DevService
23:46:35.380 [JavaFX Application Thread] DEBUG FXGLApplication      - Exiting FXGL
23:46:35.380 [JavaFX Application Thread] DEBUG LoopRunner           - Stopping loop
23:46:35.380 [JavaFX Application Thread] DEBUG SystemBundleService  - Saving FXGL system data
23:46:35.382 [JavaFX Application Thread] DEBUG FileSystemAccess     - Writing to: D:\Mgame\the_rpg\system\fxgl.bundle
23:46:35.384 [JavaFX Application Thread] DEBUG Async                - Shutting down background threads
23:46:35.384 [JavaFX Application Thread] DEBUG PrimaryStageWindow   - Closing main window
23:46:35.403 [JavaFX Application Thread] DEBUG Logger               - Closing Logger
