23:44:03.091 [main                     ] DEBUG Logger               - Configured Logger
23:44:03.094 [main                     ] DEBUG GameApplication      - Logging settings
Title: Simple FXGL Game
Version: 0.1
Width: 1600
Height: 1200
Fullscreen: false
Intro: false
Profiling: false
Single step:false
App Mode: DEVELOPER
Menu Key: ESCAPE
Stage Style: DECORATED
Scene Factory: class com.almasb.fxgl.app.scene.SceneFactory

23:44:03.482 [JavaFX Application Thread] DEBUG FXGLApplication      - Initializing FXGL
23:44:03.484 [JavaFX Application Thread] INFO  Engine               - FXGL-11.17 (16.07.2021 15.46) on WINDOWS (J:23.0.1 FX:16)
23:44:03.484 [JavaFX Application Thread] DEBUG Engine               - JRE Vendor Name: Oracle Corporation
23:44:03.484 [JavaFX Application Thread] DEBUG Engine               - Running on OS: Windows 11 version 10.0
23:44:03.484 [JavaFX Application Thread] DEBUG Engine               - Architecture: amd64
23:44:03.484 [JavaFX Application Thread] INFO  Engine               - Source code and latest versions at: https://github.com/AlmasB/FXGL
23:44:03.484 [JavaFX Application Thread] INFO  Engine               -              Join the FXGL chat at: https://gitter.im/AlmasB/FXGL
23:44:03.558 [JavaFX Application Thread] DEBUG PrimaryStageWindow   - Creating a JavaFX scene
23:44:03.594 [JavaFX Application Thread] DEBUG PrimaryStageWindow   - Target settings size: 1600.0 x 1200.0
23:44:03.594 [JavaFX Application Thread] DEBUG PrimaryStageWindow   - Scaled scene size:    1600.0 x 1200.0
23:44:03.594 [JavaFX Application Thread] DEBUG PrimaryStageWindow   - Scaled ratio: (1.0, 1.0)
23:44:03.595 [JavaFX Application Thread] DEBUG PrimaryStageWindow   - Set initial scene to FXGLStartupScene
23:44:03.600 [JavaFX Application Thread] DEBUG PrimaryStageWindow   - Opening main window
23:44:03.672 [JavaFX Application Thread] DEBUG PrimaryStageWindow   - Window border size: (14.6666259765625, 37.3333740234375)
23:44:03.672 [JavaFX Application Thread] DEBUG PrimaryStageWindow   - Scaled size: 1600.0 x 1200.0
23:44:03.672 [JavaFX Application Thread] DEBUG PrimaryStageWindow   - Scaled ratio: (1.0, 1.0)
23:44:03.672 [JavaFX Application Thread] DEBUG PrimaryStageWindow   - Scene size: 1600.0 x 1200.0
23:44:03.672 [JavaFX Application Thread] DEBUG PrimaryStageWindow   - Stage size: 1614.6666259765625 x 1237.3333740234375
23:44:03.677 [FXGL Background Thread 1 ] DEBUG Engine               - Initializing environment variables
23:44:03.738 [FXGL Background Thread 1 ] DEBUG FXGLAssetLoaderServi - User app class for loading assets: class jav.offroadrpg.GameApp
23:44:03.738 [FXGL Background Thread 1 ] DEBUG GameApplicationServi - Applying CSS: fxgl_dark.css
23:44:03.738 [FXGL Background Thread 1 ] DEBUG FXGLAssetLoaderServi - Loading from file system: jar:file:/C:/Users/justi/.m2/repository/com/github/almasb/fxgl/11.17/fxgl-11.17.jar!/fxglassets/ui/css/fxgl_dark.css
23:44:03.765 [FXGL Background Thread 1 ] DEBUG GameApplicationServi - Initializing application scenes
23:44:03.810 [FXGL Background Thread 1 ] DEBUG GameWorld            - Game world initialized
23:44:03.868 [FXGL Background Thread 1 ] DEBUG PhysicsWorld         - Physics world initialized: appHeight=1200, physics.ppm=50.0
23:44:03.868 [FXGL Background Thread 1 ] DEBUG PhysicsWorld         - Using strategy: BRUTE_FORCE
23:44:03.871 [FXGL Background Thread 1 ] DEBUG GameScene            - Game scene initialized: 1600x1200
23:44:03.879 [FXGL Background Thread 1 ] DEBUG FXGL.DefaultMenu     - createMenuBodyGameMenu()
23:44:03.890 [FXGL Background Thread 1 ] DEBUG FXGL.DefaultMenu     - createOptionsMenu()
23:44:03.895 [FXGL Background Thread 1 ] DEBUG FXGLAssetLoaderServi - Loading from file system: jar:file:/C:/Users/justi/.m2/repository/com/github/almasb/fxgl/11.17/fxgl-11.17.jar!/fxglassets/textures/particles/smoke.png
23:44:03.978 [FXGL Background Thread 1 ] DEBUG FXGLAssetLoaderServi - Loading from file system: jar:file:/C:/Users/justi/.m2/repository/com/github/almasb/fxgl/11.17/fxgl-11.17.jar!/fxglassets/textures/particles/trace_horizontal.png
23:44:03.996 [FXGL Background Thread 1 ] DEBUG GameApplicationServi - Application scenes initialized
23:44:04.005 [FXGL Background Thread 1 ] DEBUG SystemBundleService  - Loading FXGL system data
23:44:04.008 [FXGL Background Thread 1 ] DEBUG FileSystemAccess     - Reading from: D:\Mgame\the_rpg\system\fxgl.bundle
23:44:04.014 [FXGL Background Thread 1 ] DEBUG SystemBundleService  - Bundle FXGL: {}
23:44:04.014 [FXGL Background Thread 1 ] DEBUG UpdaterService       - Checking for updates
23:44:04.016 [FXGL Background Thread 4 ] DEBUG FXGLApplication      - Loading fonts
23:44:04.016 [FXGL Background Thread 1 ] DEBUG FXGLApplication      - Loading default localization
23:44:04.017 [FXGL Background Thread 4 ] DEBUG FXGLAssetLoaderServi - Loading from file system: jar:file:/C:/Users/justi/.m2/repository/com/github/almasb/fxgl/11.17/fxgl-11.17.jar!/fxglassets/ui/fonts/VarelaRound-Regular.ttf
23:44:04.017 [FXGL Background Thread 1 ] DEBUG FXGLAssetLoaderServi - Loading from file system: jar:file:/C:/Users/justi/.m2/repository/com/github/almasb/fxgl/11.17/fxgl-11.17.jar!/fxglassets/languages/english.lang
23:44:04.032 [FXGL Background Thread 1 ] INFO  FXGLApplication      - FXGL initialization took: 0.355 sec
23:44:04.039 [JavaFX Application Thread] DEBUG Input                - Registered new binding: Move Right - D
23:44:04.039 [JavaFX Application Thread] DEBUG Input                - Registered new binding: Move Left - A
23:44:04.040 [JavaFX Application Thread] DEBUG Input                - Registered new binding: Move Up - W
23:44:04.040 [JavaFX Application Thread] DEBUG Input                - Registered new binding: Move Down - S
23:44:04.040 [JavaFX Application Thread] DEBUG FXGLAssetLoaderServi - Loading from file system: jar:file:/C:/Users/justi/.m2/repository/com/github/almasb/fxgl/11.17/fxgl-11.17.jar!/fxglassets/textures/fxgl_icon.png
23:44:04.041 [FXGL Background Thread 4 ] DEBUG FXGLAssetLoaderServi - Loading from file system: jar:file:/C:/Users/justi/.m2/repository/com/github/almasb/fxgl/11.17/fxgl-11.17.jar!/fxglassets/ui/fonts/Abel-Regular.ttf
23:44:04.044 [FXGL Background Thread 4 ] DEBUG FXGLAssetLoaderServi - Loading from file system: jar:file:/C:/Users/justi/.m2/repository/com/github/almasb/fxgl/11.17/fxgl-11.17.jar!/fxglassets/ui/fonts/lucida_console.ttf
23:44:04.048 [FXGL Background Thread 4 ] DEBUG FXGLAssetLoaderServi - Loading from file system: jar:file:/C:/Users/justi/.m2/repository/com/github/almasb/fxgl/11.17/fxgl-11.17.jar!/fxglassets/ui/fonts/Courier-Prime.ttf
23:44:04.054 [JavaFX Application Thread] DEBUG FXGLAssetLoaderServi - Loading from file system: jar:file:/C:/Users/justi/.m2/repository/com/github/almasb/fxgl/11.17/fxgl-11.17.jar!/fxglassets/textures/fxgl_default_cursor.png
23:44:04.055 [JavaFX Application Thread] DEBUG Input                - Registered new binding: Screenshot - CTRL+8
23:44:04.057 [JavaFX Application Thread] DEBUG Input                - Registered new binding: System info dump - CTRL+9
23:44:04.058 [JavaFX Application Thread] DEBUG Input                - Registered new binding: Restart - CTRL+R
23:44:04.060 [JavaFX Application Thread] DEBUG Input                - Registered new binding: Toggle Debug Camera - CTRL+C
23:44:04.063 [JavaFX Application Thread] DEBUG LoopRunner           - Starting loop
23:44:04.063 [JavaFX Application Thread] DEBUG LoopRunner           - Initializing JavaFX AnimationTimerLoop
23:44:04.064 [JavaFX Application Thread] DEBUG GameApplicationServi - Starting new game
23:44:04.064 [JavaFX Application Thread] DEBUG Input                - Clearing active input actions
23:44:04.075 [JavaFX Application Thread] DEBUG GameApplicationServi - Removing overlay from FXGLStartupScene and adding to FXGLLoadingScene
23:44:04.076 [JavaFX Application Thread] DEBUG PrimaryStageWindow   - FXGLStartupScene -> FXGLLoadingScene
23:44:04.076 [JavaFX Application Thread] DEBUG GameApplicationServi - Clearing previous game
23:44:04.076 [JavaFX Application Thread] DEBUG GameScene            - Clearing game scene
23:44:04.076 [JavaFX Application Thread] DEBUG GameWorld            - Clearing game world
23:44:04.076 [JavaFX Application Thread] DEBUG PhysicsWorld         - Clearing physics world
23:44:04.078 [FXGL Background Thread 4 ] DEBUG FXGLApplication      - Initializing game
23:44:04.078 [JavaFX Application Thread] DEBUG FXGLApplication      - Registering font factories with UI factory
23:44:04.078 [FXGL Background Thread 4 ] DEBUG FXGLAssetLoaderServi - Loading from file system: file:/D:/Mgame/the_rpg/target/classes/assets/textures/Backgrounds/Intro_village.jpg
23:44:04.124 [FXGL Background Thread 4 ] DEBUG FXGLAssetLoaderServi - Loading from file system: file:/D:/Mgame/the_rpg/target/classes/assets/music/testingSong.mp3
23:44:04.258 [FXGL Background Thread 4 ] DEBUG AudioPlayer          - Playing music com.almasb.fxgl.audio.Music@54990ed6
23:44:04.259 [FXGL Background Thread 4 ] DEBUG FXGLAssetLoaderServi - Loading from file system: file:/D:/Mgame/the_rpg/target/classes/assets/textures/Objects/tree.png
23:44:04.304 [FXGL Background Thread 4 ] DEBUG FXGLAssetLoaderServi - Loading from file system: file:/D:/Mgame/the_rpg/target/classes/assets/textures/Characters/Knight.png
23:44:04.309 [FXGL Background Thread 4 ] INFO  FXGLApplication      - Game initialization took: 0.231 sec
23:44:04.320 [JavaFX Application Thread] DEBUG Input                - Clearing active input actions
23:44:04.326 [JavaFX Application Thread] DEBUG GameApplicationServi - Removing overlay from FXGLLoadingScene and adding to GameScene
23:44:04.326 [JavaFX Application Thread] DEBUG PrimaryStageWindow   - FXGLLoadingScene -> GameScene
23:44:04.498 [FXGL Background Thread 2 ] INFO  UpdaterService       - Your current version:  11.17
23:44:04.498 [FXGL Background Thread 2 ] INFO  UpdaterService       - Latest stable version: 21.1
23:44:07.015 [FXGL Background Thread 3 ] DEBUG Engine               - Logging environment variables
23:44:07.016 [FXGL Background Thread 3 ] DEBUG Engine               - achievements: []
23:44:07.016 [FXGL Background Thread 3 ] DEBUG Engine               - actualHeight: 1200.0
23:44:07.017 [FXGL Background Thread 3 ] DEBUG Engine               - actualHeightProperty: ReadOnlyDoubleProperty [value: 1200.0]
23:44:07.017 [FXGL Background Thread 3 ] DEBUG Engine               - actualWidth: 1600.0
23:44:07.017 [FXGL Background Thread 3 ] DEBUG Engine               - actualWidthProperty: ReadOnlyDoubleProperty [value: 1600.0]
23:44:07.017 [FXGL Background Thread 3 ] DEBUG Engine               - appIcon: fxgl_icon.png
23:44:07.018 [FXGL Background Thread 3 ] DEBUG Engine               - applicationMode: DEVELOPER
23:44:07.018 [FXGL Background Thread 3 ] DEBUG Engine               - cSSList: [fxgl_dark.css]
23:44:07.018 [FXGL Background Thread 3 ] DEBUG Engine               - collisionDetectionStrategy: BRUTE_FORCE
23:44:07.018 [FXGL Background Thread 3 ] DEBUG Engine               - configClass: Optional.empty
23:44:07.018 [FXGL Background Thread 3 ] DEBUG Engine               - credits: []
23:44:07.018 [FXGL Background Thread 3 ] DEBUG Engine               - defaultCursor: CursorInfo(imageName=fxgl_default_cursor.png, hotspotX=7.0, hotspotY=6.0)
23:44:07.018 [FXGL Background Thread 3 ] DEBUG Engine               - devBBoxColorProperty: ObjectProperty [value: 0xff0000ff]
23:44:07.018 [FXGL Background Thread 3 ] DEBUG Engine               - devEnableDebugCameraProperty: BooleanProperty [value: false]
23:44:07.018 [FXGL Background Thread 3 ] DEBUG Engine               - devSensorColorProperty: ObjectProperty [value: 0xffff00ff]
23:44:07.018 [FXGL Background Thread 3 ] DEBUG Engine               - devShowBBoxProperty: BooleanProperty [value: false]
23:44:07.018 [FXGL Background Thread 3 ] DEBUG Engine               - devShowPositionProperty: BooleanProperty [value: false]
23:44:07.018 [FXGL Background Thread 3 ] DEBUG Engine               - enabledMenuItems: []
23:44:07.018 [FXGL Background Thread 3 ] DEBUG Engine               - engineServices: [class com.almasb.fxgl.app.services.FXGLAssetLoaderService, class com.almasb.fxgl.app.FXGLApplication$GameApplicationService, class com.almasb.fxgl.app.services.FXGLDialogService, class com.almasb.fxgl.app.services.IOTaskExecutorService, class com.almasb.fxgl.io.FileSystemService, class com.almasb.fxgl.localization.LocalizationService, class com.almasb.fxgl.app.services.SystemBundleService, class com.almasb.fxgl.profile.SaveLoadService, class com.almasb.fxgl.ui.FXGLUIFactoryServiceProvider, class com.almasb.fxgl.ui.FXGLDialogFactoryServiceProvider, class com.almasb.fxgl.audio.AudioPlayer, class com.almasb.fxgl.notification.impl.NotificationServiceProvider, class com.almasb.fxgl.achievement.AchievementService, class com.almasb.fxgl.cutscene.CutsceneService, class com.almasb.fxgl.minigames.MiniGameService, class com.almasb.fxgl.net.NetService, class com.almasb.fxgl.app.services.UpdaterService, class com.almasb.fxgl.dev.DevService]
23:44:07.018 [FXGL Background Thread 3 ] DEBUG Engine               - fontGame: Abel-Regular.ttf
23:44:07.019 [FXGL Background Thread 3 ] DEBUG Engine               - fontMono: lucida_console.ttf
23:44:07.019 [FXGL Background Thread 3 ] DEBUG Engine               - fontText: Courier-Prime.ttf
23:44:07.019 [FXGL Background Thread 3 ] DEBUG Engine               - fontUI: VarelaRound-Regular.ttf
23:44:07.019 [FXGL Background Thread 3 ] DEBUG Engine               - fullScreen: BooleanProperty [value: false]
23:44:07.019 [FXGL Background Thread 3 ] DEBUG Engine               - gameDifficulty: MEDIUM
23:44:07.019 [FXGL Background Thread 3 ] DEBUG Engine               - gameDifficultyProperty: ObjectProperty [value: MEDIUM]
23:44:07.019 [FXGL Background Thread 3 ] DEBUG Engine               - globalMusicVolume: 0.5
23:44:07.019 [FXGL Background Thread 3 ] DEBUG Engine               - globalMusicVolumeProperty: DoubleProperty [value: 0.5]
23:44:07.019 [FXGL Background Thread 3 ] DEBUG Engine               - globalSoundVolume: 0.5
23:44:07.019 [FXGL Background Thread 3 ] DEBUG Engine               - globalSoundVolumeProperty: DoubleProperty [value: 0.5]
23:44:07.019 [FXGL Background Thread 3 ] DEBUG Engine               - height: 1200
23:44:07.019 [FXGL Background Thread 3 ] DEBUG Engine               - is3D: false
23:44:07.019 [FXGL Background Thread 3 ] DEBUG Engine               - isAndroid: false
23:44:07.019 [FXGL Background Thread 3 ] DEBUG Engine               - isBrowser: false
23:44:07.019 [FXGL Background Thread 3 ] DEBUG Engine               - isClickFeedbackEnabled: false
23:44:07.019 [FXGL Background Thread 3 ] DEBUG Engine               - isCloseConfirmation: false
23:44:07.019 [FXGL Background Thread 3 ] DEBUG Engine               - isDesktop: true
23:44:07.019 [FXGL Background Thread 3 ] DEBUG Engine               - isDeveloperMenuEnabled: false
23:44:07.020 [FXGL Background Thread 3 ] DEBUG Engine               - isEntityPreloadEnabled: true
23:44:07.020 [FXGL Background Thread 3 ] DEBUG Engine               - isExperimentalTiledLargeMap: false
23:44:07.020 [FXGL Background Thread 3 ] DEBUG Engine               - isFileSystemWriteAllowed: true
23:44:07.020 [FXGL Background Thread 3 ] DEBUG Engine               - isFullScreenAllowed: false
23:44:07.020 [FXGL Background Thread 3 ] DEBUG Engine               - isFullScreenFromStart: false
23:44:07.020 [FXGL Background Thread 3 ] DEBUG Engine               - isGameMenuEnabled: true
23:44:07.020 [FXGL Background Thread 3 ] DEBUG Engine               - isIOS: false
23:44:07.020 [FXGL Background Thread 3 ] DEBUG Engine               - isIntroEnabled: false
23:44:07.020 [FXGL Background Thread 3 ] DEBUG Engine               - isLinux: false
23:44:07.020 [FXGL Background Thread 3 ] DEBUG Engine               - isMac: false
23:44:07.020 [FXGL Background Thread 3 ] DEBUG Engine               - isMainMenuEnabled: false
23:44:07.020 [FXGL Background Thread 3 ] DEBUG Engine               - isManualResizeEnabled: false
23:44:07.020 [FXGL Background Thread 3 ] DEBUG Engine               - isMobile: false
23:44:07.020 [FXGL Background Thread 3 ] DEBUG Engine               - isNative: false
23:44:07.020 [FXGL Background Thread 3 ] DEBUG Engine               - isPauseMusicWhenMinimized: true
23:44:07.020 [FXGL Background Thread 3 ] DEBUG Engine               - isPreserveResizeRatio: false
23:44:07.020 [FXGL Background Thread 3 ] DEBUG Engine               - isProfilingEnabled: false
23:44:07.020 [FXGL Background Thread 3 ] DEBUG Engine               - isScaleAffectedOnResize: true
23:44:07.020 [FXGL Background Thread 3 ] DEBUG Engine               - isSingleStep: false
23:44:07.020 [FXGL Background Thread 3 ] DEBUG Engine               - isUserProfileEnabled: false
23:44:07.020 [FXGL Background Thread 3 ] DEBUG Engine               - isWindows: true
23:44:07.020 [FXGL Background Thread 3 ] DEBUG Engine               - language: ObjectProperty [value: ENGLISH]
23:44:07.020 [FXGL Background Thread 3 ] DEBUG Engine               - menuKey: ESCAPE
23:44:07.020 [FXGL Background Thread 3 ] DEBUG Engine               - mouseSensitivity: 0.2
23:44:07.020 [FXGL Background Thread 3 ] DEBUG Engine               - notificationViewClass: class com.almasb.fxgl.notification.view.XboxNotificationView
23:44:07.020 [FXGL Background Thread 3 ] DEBUG Engine               - pixelsPerMeter: 50.0
23:44:07.020 [FXGL Background Thread 3 ] DEBUG Engine               - platform: WINDOWS
23:44:07.020 [FXGL Background Thread 3 ] DEBUG Engine               - prefHeightProperty: ReadOnlyDoubleProperty [value: 1200.0]
23:44:07.020 [FXGL Background Thread 3 ] DEBUG Engine               - prefWidthProperty: ReadOnlyDoubleProperty [value: 1600.0]
23:44:07.020 [FXGL Background Thread 3 ] DEBUG Engine               - profileDir: profiles/
23:44:07.020 [FXGL Background Thread 3 ] DEBUG Engine               - profileName: StringProperty [value: DEFAULT]
23:44:07.021 [FXGL Background Thread 3 ] DEBUG Engine               - randomSeed: -1
23:44:07.021 [FXGL Background Thread 3 ] DEBUG Engine               - runtimeInfo: RuntimeInfo(platform=WINDOWS, version=11.17, build=16.07.2021 15.46)
23:44:07.021 [FXGL Background Thread 3 ] DEBUG Engine               - saveFileExt: sav
23:44:07.021 [FXGL Background Thread 3 ] DEBUG Engine               - scaledHeightProp$fxgl: DoubleProperty [bound, value: 1200.0]
23:44:07.021 [FXGL Background Thread 3 ] DEBUG Engine               - scaledWidthProp$fxgl: DoubleProperty [bound, value: 1600.0]
23:44:07.021 [FXGL Background Thread 3 ] DEBUG Engine               - sceneFactory: com.almasb.fxgl.app.scene.SceneFactory@5c443958
23:44:07.021 [FXGL Background Thread 3 ] DEBUG Engine               - secondsIn24h: 60
23:44:07.021 [FXGL Background Thread 3 ] DEBUG Engine               - soundMenuBack: menu/back.wav
23:44:07.021 [FXGL Background Thread 3 ] DEBUG Engine               - soundMenuPress: menu/press.wav
23:44:07.021 [FXGL Background Thread 3 ] DEBUG Engine               - soundMenuSelect: menu/select.wav
23:44:07.021 [FXGL Background Thread 3 ] DEBUG Engine               - soundNotification: core/notification.wav
23:44:07.021 [FXGL Background Thread 3 ] DEBUG Engine               - stageStyle: DECORATED
23:44:07.021 [FXGL Background Thread 3 ] DEBUG Engine               - supportedLanguages: [ENGLISH, FRENCH, GERMAN, HUNGARIAN, RUSSIAN]
23:44:07.021 [FXGL Background Thread 3 ] DEBUG Engine               - ticksPerSecond: -1
23:44:07.021 [FXGL Background Thread 3 ] DEBUG Engine               - title: Simple FXGL Game
23:44:07.021 [FXGL Background Thread 3 ] DEBUG Engine               - urlGithub: https://github.com/AlmasB/FXGL
23:44:07.021 [FXGL Background Thread 3 ] DEBUG Engine               - urlLeaderboard: http://fxgl-top.herokuapp.com/
23:44:07.021 [FXGL Background Thread 3 ] DEBUG Engine               - urlPOM: https://raw.githubusercontent.com/AlmasB/FXGL/release/README.md
23:44:07.021 [FXGL Background Thread 3 ] DEBUG Engine               - userAppClass: class jav.offroadrpg.GameApp
23:44:07.021 [FXGL Background Thread 3 ] DEBUG Engine               - version: 0.1
23:44:07.021 [FXGL Background Thread 3 ] DEBUG Engine               - versionCheckDays: 7
23:44:07.021 [FXGL Background Thread 3 ] DEBUG Engine               - width: 1600
23:44:07.021 [FXGL Background Thread 3 ] DEBUG Engine               - Logging services
23:44:07.021 [FXGL Background Thread 3 ] DEBUG Engine               - class com.almasb.fxgl.app.services.FXGLAssetLoaderService
23:44:07.021 [FXGL Background Thread 3 ] DEBUG Engine               - class com.almasb.fxgl.app.FXGLApplication$GameApplicationService
23:44:07.021 [FXGL Background Thread 3 ] DEBUG Engine               - class com.almasb.fxgl.app.services.FXGLDialogService
23:44:07.021 [FXGL Background Thread 3 ] DEBUG Engine               - class com.almasb.fxgl.app.services.IOTaskExecutorService
23:44:07.021 [FXGL Background Thread 3 ] DEBUG Engine               - class com.almasb.fxgl.io.FileSystemService
23:44:07.021 [FXGL Background Thread 3 ] DEBUG Engine               - class com.almasb.fxgl.localization.LocalizationService
23:44:07.022 [FXGL Background Thread 3 ] DEBUG Engine               - class com.almasb.fxgl.app.services.SystemBundleService
23:44:07.022 [FXGL Background Thread 3 ] DEBUG Engine               - class com.almasb.fxgl.profile.SaveLoadService
23:44:07.022 [FXGL Background Thread 3 ] DEBUG Engine               - class com.almasb.fxgl.ui.FXGLUIFactoryServiceProvider
23:44:07.022 [FXGL Background Thread 3 ] DEBUG Engine               - class com.almasb.fxgl.ui.FXGLDialogFactoryServiceProvider
23:44:07.022 [FXGL Background Thread 3 ] DEBUG Engine               - class com.almasb.fxgl.audio.AudioPlayer
23:44:07.022 [FXGL Background Thread 3 ] DEBUG Engine               - class com.almasb.fxgl.notification.impl.NotificationServiceProvider
23:44:07.022 [FXGL Background Thread 3 ] DEBUG Engine               - class com.almasb.fxgl.achievement.AchievementService
23:44:07.022 [FXGL Background Thread 3 ] DEBUG Engine               - class com.almasb.fxgl.cutscene.CutsceneService
23:44:07.022 [FXGL Background Thread 3 ] DEBUG Engine               - class com.almasb.fxgl.minigames.MiniGameService
23:44:07.022 [FXGL Background Thread 3 ] DEBUG Engine               - class com.almasb.fxgl.net.NetService
23:44:07.022 [FXGL Background Thread 3 ] DEBUG Engine               - class com.almasb.fxgl.app.services.UpdaterService
23:44:07.022 [FXGL Background Thread 3 ] DEBUG Engine               - class com.almasb.fxgl.dev.DevService
23:44:15.778 [JavaFX Application Thread] DEBUG FXGLApplication      - Exiting FXGL
23:44:15.778 [JavaFX Application Thread] DEBUG LoopRunner           - Stopping loop
23:44:15.778 [JavaFX Application Thread] DEBUG SystemBundleService  - Saving FXGL system data
23:44:15.780 [JavaFX Application Thread] DEBUG FileSystemAccess     - Writing to: D:\Mgame\the_rpg\system\fxgl.bundle
23:44:15.781 [JavaFX Application Thread] DEBUG Async                - Shutting down background threads
23:44:15.781 [JavaFX Application Thread] DEBUG PrimaryStageWindow   - Closing main window
23:44:15.798 [JavaFX Application Thread] DEBUG Logger               - Closing Logger
