19:35:23.743 [main                     ] DEBUG Logger               - Configured Logger
19:35:23.746 [main                     ] DEBUG GameApplication      - Logging settings
Title: Simple FXGL Game
Version: 0.1
Width: 1600
Height: 1200
Fullscreen: false
Intro: false
Profiling: false
Single step:false
App Mode: DEVELOPER
Menu Key: ESCAPE
Stage Style: DECORATED
Scene Factory: class com.almasb.fxgl.app.scene.SceneFactory

19:35:24.080 [JavaFX Application Thread] DEBUG FXGLApplication      - Initializing FXGL
19:35:24.081 [JavaFX Application Thread] INFO  Engine               - FXGL-11.17 (16.07.2021 15.46) on WINDOWS (J:23.0.1 FX:16)
19:35:24.082 [JavaFX Application Thread] DEBUG Engine               - JRE Vendor Name: Oracle Corporation
19:35:24.082 [JavaFX Application Thread] DEBUG Engine               - Running on OS: Windows 11 version 10.0
19:35:24.082 [JavaFX Application Thread] DEBUG Engine               - Architecture: amd64
19:35:24.082 [JavaFX Application Thread] INFO  Engine               - Source code and latest versions at: https://github.com/AlmasB/FXGL
19:35:24.082 [JavaFX Application Thread] INFO  Engine               -              Join the FXGL chat at: https://gitter.im/AlmasB/FXGL
19:35:24.149 [JavaFX Application Thread] DEBUG PrimaryStageWindow   - Creating a JavaFX scene
19:35:24.177 [JavaFX Application Thread] DEBUG PrimaryStageWindow   - Target settings size: 1600.0 x 1200.0
19:35:24.177 [JavaFX Application Thread] DEBUG PrimaryStageWindow   - Scaled scene size:    1600.0 x 1200.0
19:35:24.177 [JavaFX Application Thread] DEBUG PrimaryStageWindow   - Scaled ratio: (1.0, 1.0)
19:35:24.178 [JavaFX Application Thread] DEBUG PrimaryStageWindow   - Set initial scene to FXGLStartupScene
19:35:24.182 [JavaFX Application Thread] DEBUG PrimaryStageWindow   - Opening main window
19:35:24.240 [JavaFX Application Thread] DEBUG PrimaryStageWindow   - Window border size: (14.6666259765625, 37.3333740234375)
19:35:24.240 [JavaFX Application Thread] DEBUG PrimaryStageWindow   - Scaled size: 1600.0 x 1200.0
19:35:24.240 [JavaFX Application Thread] DEBUG PrimaryStageWindow   - Scaled ratio: (1.0, 1.0)
19:35:24.240 [JavaFX Application Thread] DEBUG PrimaryStageWindow   - Scene size: 1600.0 x 1200.0
19:35:24.240 [JavaFX Application Thread] DEBUG PrimaryStageWindow   - Stage size: 1614.6666259765625 x 1237.3333740234375
19:35:24.245 [FXGL Background Thread 1 ] DEBUG Engine               - Initializing environment variables
19:35:24.307 [FXGL Background Thread 1 ] DEBUG FXGLAssetLoaderServi - User app class for loading assets: class jav.offroadrpg.GameApp
19:35:24.307 [FXGL Background Thread 1 ] DEBUG GameApplicationServi - Applying CSS: fxgl_dark.css
19:35:24.308 [FXGL Background Thread 1 ] DEBUG FXGLAssetLoaderServi - Loading from file system: jar:file:/C:/Users/justi/.m2/repository/com/github/almasb/fxgl/11.17/fxgl-11.17.jar!/fxglassets/ui/css/fxgl_dark.css
19:35:24.337 [FXGL Background Thread 1 ] DEBUG GameApplicationServi - Initializing application scenes
19:35:24.385 [FXGL Background Thread 1 ] DEBUG GameWorld            - Game world initialized
19:35:24.445 [FXGL Background Thread 1 ] DEBUG PhysicsWorld         - Physics world initialized: appHeight=1200, physics.ppm=50.0
19:35:24.446 [FXGL Background Thread 1 ] DEBUG PhysicsWorld         - Using strategy: BRUTE_FORCE
19:35:24.448 [FXGL Background Thread 1 ] DEBUG GameScene            - Game scene initialized: 1600x1200
19:35:24.457 [FXGL Background Thread 1 ] DEBUG FXGL.DefaultMenu     - createMenuBodyGameMenu()
19:35:24.469 [FXGL Background Thread 1 ] DEBUG FXGL.DefaultMenu     - createOptionsMenu()
19:35:24.475 [FXGL Background Thread 1 ] DEBUG FXGLAssetLoaderServi - Loading from file system: jar:file:/C:/Users/justi/.m2/repository/com/github/almasb/fxgl/11.17/fxgl-11.17.jar!/fxglassets/textures/particles/smoke.png
19:35:24.553 [FXGL Background Thread 1 ] DEBUG FXGLAssetLoaderServi - Loading from file system: jar:file:/C:/Users/justi/.m2/repository/com/github/almasb/fxgl/11.17/fxgl-11.17.jar!/fxglassets/textures/particles/trace_horizontal.png
19:35:24.569 [FXGL Background Thread 1 ] DEBUG GameApplicationServi - Application scenes initialized
19:35:24.577 [FXGL Background Thread 1 ] DEBUG SystemBundleService  - Loading FXGL system data
19:35:24.581 [FXGL Background Thread 1 ] DEBUG FileSystemAccess     - Reading from: D:\Mgame\the_rpg\system\fxgl.bundle
19:35:24.586 [FXGL Background Thread 1 ] DEBUG SystemBundleService  - Bundle FXGL: {}
19:35:24.586 [FXGL Background Thread 1 ] DEBUG UpdaterService       - Checking for updates
19:35:24.589 [FXGL Background Thread 4 ] DEBUG FXGLApplication      - Loading fonts
19:35:24.589 [FXGL Background Thread 4 ] DEBUG FXGLAssetLoaderServi - Loading from file system: jar:file:/C:/Users/justi/.m2/repository/com/github/almasb/fxgl/11.17/fxgl-11.17.jar!/fxglassets/ui/fonts/VarelaRound-Regular.ttf
19:35:24.589 [FXGL Background Thread 1 ] DEBUG FXGLApplication      - Loading default localization
19:35:24.589 [FXGL Background Thread 1 ] DEBUG FXGLAssetLoaderServi - Loading from file system: jar:file:/C:/Users/justi/.m2/repository/com/github/almasb/fxgl/11.17/fxgl-11.17.jar!/fxglassets/languages/english.lang
19:35:24.607 [FXGL Background Thread 1 ] INFO  FXGLApplication      - FXGL initialization took: 0.362 sec
19:35:24.612 [JavaFX Application Thread] DEBUG Input                - Registered new binding: Move Right - D
19:35:24.614 [JavaFX Application Thread] DEBUG Input                - Registered new binding: Move Left - A
19:35:24.614 [JavaFX Application Thread] DEBUG Input                - Registered new binding: Move Up - W
19:35:24.614 [JavaFX Application Thread] DEBUG Input                - Registered new binding: Move Down - S
19:35:24.614 [JavaFX Application Thread] DEBUG FXGLAssetLoaderServi - Loading from file system: jar:file:/C:/Users/justi/.m2/repository/com/github/almasb/fxgl/11.17/fxgl-11.17.jar!/fxglassets/textures/fxgl_icon.png
19:35:24.618 [FXGL Background Thread 4 ] DEBUG FXGLAssetLoaderServi - Loading from file system: jar:file:/C:/Users/justi/.m2/repository/com/github/almasb/fxgl/11.17/fxgl-11.17.jar!/fxglassets/ui/fonts/Abel-Regular.ttf
19:35:24.621 [FXGL Background Thread 4 ] DEBUG FXGLAssetLoaderServi - Loading from file system: jar:file:/C:/Users/justi/.m2/repository/com/github/almasb/fxgl/11.17/fxgl-11.17.jar!/fxglassets/ui/fonts/lucida_console.ttf
19:35:24.625 [FXGL Background Thread 4 ] DEBUG FXGLAssetLoaderServi - Loading from file system: jar:file:/C:/Users/justi/.m2/repository/com/github/almasb/fxgl/11.17/fxgl-11.17.jar!/fxglassets/ui/fonts/Courier-Prime.ttf
19:35:24.626 [JavaFX Application Thread] DEBUG FXGLAssetLoaderServi - Loading from file system: jar:file:/C:/Users/justi/.m2/repository/com/github/almasb/fxgl/11.17/fxgl-11.17.jar!/fxglassets/textures/fxgl_default_cursor.png
19:35:24.627 [JavaFX Application Thread] DEBUG Input                - Registered new binding: Screenshot - CTRL+8
19:35:24.628 [JavaFX Application Thread] DEBUG Input                - Registered new binding: System info dump - CTRL+9
19:35:24.628 [JavaFX Application Thread] DEBUG Input                - Registered new binding: Restart - CTRL+R
19:35:24.629 [JavaFX Application Thread] DEBUG Input                - Registered new binding: Toggle Debug Camera - CTRL+C
19:35:24.632 [JavaFX Application Thread] DEBUG LoopRunner           - Starting loop
19:35:24.632 [JavaFX Application Thread] DEBUG LoopRunner           - Initializing JavaFX AnimationTimerLoop
19:35:24.634 [JavaFX Application Thread] DEBUG GameApplicationServi - Starting new game
19:35:24.634 [JavaFX Application Thread] DEBUG Input                - Clearing active input actions
19:35:24.644 [JavaFX Application Thread] DEBUG GameApplicationServi - Removing overlay from FXGLStartupScene and adding to FXGLLoadingScene
19:35:24.644 [JavaFX Application Thread] DEBUG PrimaryStageWindow   - FXGLStartupScene -> FXGLLoadingScene
19:35:24.644 [JavaFX Application Thread] DEBUG GameApplicationServi - Clearing previous game
19:35:24.644 [JavaFX Application Thread] DEBUG GameScene            - Clearing game scene
19:35:24.644 [JavaFX Application Thread] DEBUG GameWorld            - Clearing game world
19:35:24.644 [JavaFX Application Thread] DEBUG PhysicsWorld         - Clearing physics world
19:35:24.647 [FXGL Background Thread 4 ] DEBUG FXGLApplication      - Initializing game
19:35:24.648 [FXGL Background Thread 4 ] DEBUG FXGLAssetLoaderServi - Loading from file system: file:/D:/Mgame/the_rpg/target/classes/assets/textures/Backgrounds/Intro_village.jpg
19:35:24.648 [JavaFX Application Thread] DEBUG FXGLApplication      - Registering font factories with UI factory
19:35:24.685 [FXGL Background Thread 4 ] DEBUG FXGLAssetLoaderServi - Loading from file system: file:/D:/Mgame/the_rpg/target/classes/assets/music/testingSong.mp3
19:35:24.843 [FXGL Background Thread 4 ] DEBUG AudioPlayer          - Playing music com.almasb.fxgl.audio.Music@e40d682
19:35:24.850 [FXGL Background Thread 4 ] DEBUG FXGLAssetLoaderServi - Loading from file system: file:/D:/Mgame/the_rpg/target/classes/assets/textures/Characters/Knight.png
19:35:24.854 [FXGL Background Thread 4 ] INFO  FXGLApplication      - Game initialization took: 0.207 sec
19:35:24.871 [JavaFX Application Thread] DEBUG Input                - Clearing active input actions
19:35:24.878 [JavaFX Application Thread] DEBUG GameApplicationServi - Removing overlay from FXGLLoadingScene and adding to GameScene
19:35:24.878 [JavaFX Application Thread] DEBUG PrimaryStageWindow   - FXGLLoadingScene -> GameScene
19:35:25.125 [FXGL Background Thread 2 ] INFO  UpdaterService       - Your current version:  11.17
19:35:25.125 [FXGL Background Thread 2 ] INFO  UpdaterService       - Latest stable version: 21.1
19:35:27.588 [FXGL Background Thread 3 ] DEBUG Engine               - Logging environment variables
19:35:27.588 [FXGL Background Thread 3 ] DEBUG Engine               - achievements: []
19:35:27.588 [FXGL Background Thread 3 ] DEBUG Engine               - actualHeight: 1200.0
19:35:27.588 [FXGL Background Thread 3 ] DEBUG Engine               - actualHeightProperty: ReadOnlyDoubleProperty [value: 1200.0]
19:35:27.588 [FXGL Background Thread 3 ] DEBUG Engine               - actualWidth: 1600.0
19:35:27.588 [FXGL Background Thread 3 ] DEBUG Engine               - actualWidthProperty: ReadOnlyDoubleProperty [value: 1600.0]
19:35:27.588 [FXGL Background Thread 3 ] DEBUG Engine               - appIcon: fxgl_icon.png
19:35:27.588 [FXGL Background Thread 3 ] DEBUG Engine               - applicationMode: DEVELOPER
19:35:27.589 [FXGL Background Thread 3 ] DEBUG Engine               - cSSList: [fxgl_dark.css]
19:35:27.589 [FXGL Background Thread 3 ] DEBUG Engine               - collisionDetectionStrategy: BRUTE_FORCE
19:35:27.589 [FXGL Background Thread 3 ] DEBUG Engine               - configClass: Optional.empty
19:35:27.589 [FXGL Background Thread 3 ] DEBUG Engine               - credits: []
19:35:27.589 [FXGL Background Thread 3 ] DEBUG Engine               - defaultCursor: CursorInfo(imageName=fxgl_default_cursor.png, hotspotX=7.0, hotspotY=6.0)
19:35:27.589 [FXGL Background Thread 3 ] DEBUG Engine               - devBBoxColorProperty: ObjectProperty [value: 0xff0000ff]
19:35:27.589 [FXGL Background Thread 3 ] DEBUG Engine               - devEnableDebugCameraProperty: BooleanProperty [value: false]
19:35:27.589 [FXGL Background Thread 3 ] DEBUG Engine               - devSensorColorProperty: ObjectProperty [value: 0xffff00ff]
19:35:27.589 [FXGL Background Thread 3 ] DEBUG Engine               - devShowBBoxProperty: BooleanProperty [value: false]
19:35:27.589 [FXGL Background Thread 3 ] DEBUG Engine               - devShowPositionProperty: BooleanProperty [value: false]
19:35:27.589 [FXGL Background Thread 3 ] DEBUG Engine               - enabledMenuItems: []
19:35:27.589 [FXGL Background Thread 3 ] DEBUG Engine               - engineServices: [class com.almasb.fxgl.app.services.FXGLAssetLoaderService, class com.almasb.fxgl.app.FXGLApplication$GameApplicationService, class com.almasb.fxgl.app.services.FXGLDialogService, class com.almasb.fxgl.app.services.IOTaskExecutorService, class com.almasb.fxgl.io.FileSystemService, class com.almasb.fxgl.localization.LocalizationService, class com.almasb.fxgl.app.services.SystemBundleService, class com.almasb.fxgl.profile.SaveLoadService, class com.almasb.fxgl.ui.FXGLUIFactoryServiceProvider, class com.almasb.fxgl.ui.FXGLDialogFactoryServiceProvider, class com.almasb.fxgl.audio.AudioPlayer, class com.almasb.fxgl.notification.impl.NotificationServiceProvider, class com.almasb.fxgl.achievement.AchievementService, class com.almasb.fxgl.cutscene.CutsceneService, class com.almasb.fxgl.minigames.MiniGameService, class com.almasb.fxgl.net.NetService, class com.almasb.fxgl.app.services.UpdaterService, class com.almasb.fxgl.dev.DevService]
19:35:27.589 [FXGL Background Thread 3 ] DEBUG Engine               - fontGame: Abel-Regular.ttf
19:35:27.589 [FXGL Background Thread 3 ] DEBUG Engine               - fontMono: lucida_console.ttf
19:35:27.589 [FXGL Background Thread 3 ] DEBUG Engine               - fontText: Courier-Prime.ttf
19:35:27.589 [FXGL Background Thread 3 ] DEBUG Engine               - fontUI: VarelaRound-Regular.ttf
19:35:27.589 [FXGL Background Thread 3 ] DEBUG Engine               - fullScreen: BooleanProperty [value: false]
19:35:27.589 [FXGL Background Thread 3 ] DEBUG Engine               - gameDifficulty: MEDIUM
19:35:27.589 [FXGL Background Thread 3 ] DEBUG Engine               - gameDifficultyProperty: ObjectProperty [value: MEDIUM]
19:35:27.589 [FXGL Background Thread 3 ] DEBUG Engine               - globalMusicVolume: 0.5
19:35:27.589 [FXGL Background Thread 3 ] DEBUG Engine               - globalMusicVolumeProperty: DoubleProperty [value: 0.5]
19:35:27.589 [FXGL Background Thread 3 ] DEBUG Engine               - globalSoundVolume: 0.5
19:35:27.589 [FXGL Background Thread 3 ] DEBUG Engine               - globalSoundVolumeProperty: DoubleProperty [value: 0.5]
19:35:27.589 [FXGL Background Thread 3 ] DEBUG Engine               - height: 1200
19:35:27.589 [FXGL Background Thread 3 ] DEBUG Engine               - is3D: false
19:35:27.589 [FXGL Background Thread 3 ] DEBUG Engine               - isAndroid: false
19:35:27.589 [FXGL Background Thread 3 ] DEBUG Engine               - isBrowser: false
19:35:27.589 [FXGL Background Thread 3 ] DEBUG Engine               - isClickFeedbackEnabled: false
19:35:27.589 [FXGL Background Thread 3 ] DEBUG Engine               - isCloseConfirmation: false
19:35:27.589 [FXGL Background Thread 3 ] DEBUG Engine               - isDesktop: true
19:35:27.589 [FXGL Background Thread 3 ] DEBUG Engine               - isDeveloperMenuEnabled: false
19:35:27.589 [FXGL Background Thread 3 ] DEBUG Engine               - isEntityPreloadEnabled: true
19:35:27.589 [FXGL Background Thread 3 ] DEBUG Engine               - isExperimentalTiledLargeMap: false
19:35:27.589 [FXGL Background Thread 3 ] DEBUG Engine               - isFileSystemWriteAllowed: true
19:35:27.589 [FXGL Background Thread 3 ] DEBUG Engine               - isFullScreenAllowed: false
19:35:27.589 [FXGL Background Thread 3 ] DEBUG Engine               - isFullScreenFromStart: false
19:35:27.589 [FXGL Background Thread 3 ] DEBUG Engine               - isGameMenuEnabled: true
19:35:27.589 [FXGL Background Thread 3 ] DEBUG Engine               - isIOS: false
19:35:27.589 [FXGL Background Thread 3 ] DEBUG Engine               - isIntroEnabled: false
19:35:27.589 [FXGL Background Thread 3 ] DEBUG Engine               - isLinux: false
19:35:27.589 [FXGL Background Thread 3 ] DEBUG Engine               - isMac: false
19:35:27.589 [FXGL Background Thread 3 ] DEBUG Engine               - isMainMenuEnabled: false
19:35:27.589 [FXGL Background Thread 3 ] DEBUG Engine               - isManualResizeEnabled: false
19:35:27.589 [FXGL Background Thread 3 ] DEBUG Engine               - isMobile: false
19:35:27.589 [FXGL Background Thread 3 ] DEBUG Engine               - isNative: false
19:35:27.589 [FXGL Background Thread 3 ] DEBUG Engine               - isPauseMusicWhenMinimized: true
19:35:27.589 [FXGL Background Thread 3 ] DEBUG Engine               - isPreserveResizeRatio: false
19:35:27.589 [FXGL Background Thread 3 ] DEBUG Engine               - isProfilingEnabled: false
19:35:27.589 [FXGL Background Thread 3 ] DEBUG Engine               - isScaleAffectedOnResize: true
19:35:27.589 [FXGL Background Thread 3 ] DEBUG Engine               - isSingleStep: false
19:35:27.589 [FXGL Background Thread 3 ] DEBUG Engine               - isUserProfileEnabled: false
19:35:27.589 [FXGL Background Thread 3 ] DEBUG Engine               - isWindows: true
19:35:27.589 [FXGL Background Thread 3 ] DEBUG Engine               - language: ObjectProperty [value: ENGLISH]
19:35:27.589 [FXGL Background Thread 3 ] DEBUG Engine               - menuKey: ESCAPE
19:35:27.589 [FXGL Background Thread 3 ] DEBUG Engine               - mouseSensitivity: 0.2
19:35:27.589 [FXGL Background Thread 3 ] DEBUG Engine               - notificationViewClass: class com.almasb.fxgl.notification.view.XboxNotificationView
19:35:27.589 [FXGL Background Thread 3 ] DEBUG Engine               - pixelsPerMeter: 50.0
19:35:27.589 [FXGL Background Thread 3 ] DEBUG Engine               - platform: WINDOWS
19:35:27.589 [FXGL Background Thread 3 ] DEBUG Engine               - prefHeightProperty: ReadOnlyDoubleProperty [value: 1200.0]
19:35:27.589 [FXGL Background Thread 3 ] DEBUG Engine               - prefWidthProperty: ReadOnlyDoubleProperty [value: 1600.0]
19:35:27.591 [FXGL Background Thread 3 ] DEBUG Engine               - profileDir: profiles/
19:35:27.591 [FXGL Background Thread 3 ] DEBUG Engine               - profileName: StringProperty [value: DEFAULT]
19:35:27.591 [FXGL Background Thread 3 ] DEBUG Engine               - randomSeed: -1
19:35:27.591 [FXGL Background Thread 3 ] DEBUG Engine               - runtimeInfo: RuntimeInfo(platform=WINDOWS, version=11.17, build=16.07.2021 15.46)
19:35:27.591 [FXGL Background Thread 3 ] DEBUG Engine               - saveFileExt: sav
19:35:27.591 [FXGL Background Thread 3 ] DEBUG Engine               - scaledHeightProp$fxgl: DoubleProperty [bound, value: 1200.0]
19:35:27.591 [FXGL Background Thread 3 ] DEBUG Engine               - scaledWidthProp$fxgl: DoubleProperty [bound, value: 1600.0]
19:35:27.591 [FXGL Background Thread 3 ] DEBUG Engine               - sceneFactory: com.almasb.fxgl.app.scene.SceneFactory@7c7430f2
19:35:27.591 [FXGL Background Thread 3 ] DEBUG Engine               - secondsIn24h: 60
19:35:27.591 [FXGL Background Thread 3 ] DEBUG Engine               - soundMenuBack: menu/back.wav
19:35:27.591 [FXGL Background Thread 3 ] DEBUG Engine               - soundMenuPress: menu/press.wav
19:35:27.591 [FXGL Background Thread 3 ] DEBUG Engine               - soundMenuSelect: menu/select.wav
19:35:27.591 [FXGL Background Thread 3 ] DEBUG Engine               - soundNotification: core/notification.wav
19:35:27.591 [FXGL Background Thread 3 ] DEBUG Engine               - stageStyle: DECORATED
19:35:27.591 [FXGL Background Thread 3 ] DEBUG Engine               - supportedLanguages: [ENGLISH, FRENCH, GERMAN, HUNGARIAN, RUSSIAN]
19:35:27.591 [FXGL Background Thread 3 ] DEBUG Engine               - ticksPerSecond: -1
19:35:27.591 [FXGL Background Thread 3 ] DEBUG Engine               - title: Simple FXGL Game
19:35:27.591 [FXGL Background Thread 3 ] DEBUG Engine               - urlGithub: https://github.com/AlmasB/FXGL
19:35:27.591 [FXGL Background Thread 3 ] DEBUG Engine               - urlLeaderboard: http://fxgl-top.herokuapp.com/
19:35:27.591 [FXGL Background Thread 3 ] DEBUG Engine               - urlPOM: https://raw.githubusercontent.com/AlmasB/FXGL/release/README.md
19:35:27.591 [FXGL Background Thread 3 ] DEBUG Engine               - userAppClass: class jav.offroadrpg.GameApp
19:35:27.591 [FXGL Background Thread 3 ] DEBUG Engine               - version: 0.1
19:35:27.591 [FXGL Background Thread 3 ] DEBUG Engine               - versionCheckDays: 7
19:35:27.591 [FXGL Background Thread 3 ] DEBUG Engine               - width: 1600
19:35:27.591 [FXGL Background Thread 3 ] DEBUG Engine               - Logging services
19:35:27.591 [FXGL Background Thread 3 ] DEBUG Engine               - class com.almasb.fxgl.app.services.FXGLAssetLoaderService
19:35:27.591 [FXGL Background Thread 3 ] DEBUG Engine               - class com.almasb.fxgl.app.FXGLApplication$GameApplicationService
19:35:27.591 [FXGL Background Thread 3 ] DEBUG Engine               - class com.almasb.fxgl.app.services.FXGLDialogService
19:35:27.591 [FXGL Background Thread 3 ] DEBUG Engine               - class com.almasb.fxgl.app.services.IOTaskExecutorService
19:35:27.591 [FXGL Background Thread 3 ] DEBUG Engine               - class com.almasb.fxgl.io.FileSystemService
19:35:27.591 [FXGL Background Thread 3 ] DEBUG Engine               - class com.almasb.fxgl.localization.LocalizationService
19:35:27.591 [FXGL Background Thread 3 ] DEBUG Engine               - class com.almasb.fxgl.app.services.SystemBundleService
19:35:27.591 [FXGL Background Thread 3 ] DEBUG Engine               - class com.almasb.fxgl.profile.SaveLoadService
19:35:27.591 [FXGL Background Thread 3 ] DEBUG Engine               - class com.almasb.fxgl.ui.FXGLUIFactoryServiceProvider
19:35:27.591 [FXGL Background Thread 3 ] DEBUG Engine               - class com.almasb.fxgl.ui.FXGLDialogFactoryServiceProvider
19:35:27.591 [FXGL Background Thread 3 ] DEBUG Engine               - class com.almasb.fxgl.audio.AudioPlayer
19:35:27.591 [FXGL Background Thread 3 ] DEBUG Engine               - class com.almasb.fxgl.notification.impl.NotificationServiceProvider
19:35:27.591 [FXGL Background Thread 3 ] DEBUG Engine               - class com.almasb.fxgl.achievement.AchievementService
19:35:27.591 [FXGL Background Thread 3 ] DEBUG Engine               - class com.almasb.fxgl.cutscene.CutsceneService
19:35:27.591 [FXGL Background Thread 3 ] DEBUG Engine               - class com.almasb.fxgl.minigames.MiniGameService
19:35:27.591 [FXGL Background Thread 3 ] DEBUG Engine               - class com.almasb.fxgl.net.NetService
19:35:27.591 [FXGL Background Thread 3 ] DEBUG Engine               - class com.almasb.fxgl.app.services.UpdaterService
19:35:27.591 [FXGL Background Thread 3 ] DEBUG Engine               - class com.almasb.fxgl.dev.DevService
19:35:48.318 [JavaFX Application Thread] DEBUG FXGLApplication      - Exiting FXGL
19:35:48.318 [JavaFX Application Thread] DEBUG LoopRunner           - Stopping loop
19:35:48.318 [JavaFX Application Thread] DEBUG SystemBundleService  - Saving FXGL system data
19:35:48.319 [JavaFX Application Thread] DEBUG FileSystemAccess     - Writing to: D:\Mgame\the_rpg\system\fxgl.bundle
19:35:48.323 [JavaFX Application Thread] DEBUG Async                - Shutting down background threads
19:35:48.323 [JavaFX Application Thread] DEBUG PrimaryStageWindow   - Closing main window
19:35:48.339 [JavaFX Application Thread] DEBUG Logger               - Closing Logger
