18:22:39.327 [main                     ] DEBUG Logger               - Configured Logger
18:22:39.330 [main                     ] DEBUG GameApplication      - Logging settings
Title: Simple FXGL Game
Version: 0.1
Width: 1600
Height: 1200
Fullscreen: false
Intro: false
Profiling: false
Single step:false
App Mode: DEVELOPER
Menu Key: ESCAPE
Stage Style: DECORATED
Scene Factory: class com.almasb.fxgl.app.scene.SceneFactory

18:22:39.685 [JavaFX Application Thread] DEBUG FXGLApplication      - Initializing FXGL
18:22:39.686 [JavaFX Application Thread] INFO  Engine               - FXGL-11.17 (16.07.2021 15.46) on WINDOWS (J:23.0.1 FX:16)
18:22:39.686 [JavaFX Application Thread] DEBUG Engine               - JRE Vendor Name: Oracle Corporation
18:22:39.686 [JavaFX Application Thread] DEBUG Engine               - Running on OS: Windows 11 version 10.0
18:22:39.686 [JavaFX Application Thread] DEBUG Engine               - Architecture: amd64
18:22:39.686 [JavaFX Application Thread] INFO  Engine               - Source code and latest versions at: https://github.com/AlmasB/FXGL
18:22:39.686 [JavaFX Application Thread] INFO  Engine               -              Join the FXGL chat at: https://gitter.im/AlmasB/FXGL
18:22:39.748 [JavaFX Application Thread] DEBUG PrimaryStageWindow   - Creating a JavaFX scene
18:22:39.775 [JavaFX Application Thread] DEBUG PrimaryStageWindow   - Target settings size: 1600.0 x 1200.0
18:22:39.775 [JavaFX Application Thread] DEBUG PrimaryStageWindow   - Scaled scene size:    1600.0 x 1200.0
18:22:39.775 [JavaFX Application Thread] DEBUG PrimaryStageWindow   - Scaled ratio: (1.0, 1.0)
18:22:39.776 [JavaFX Application Thread] DEBUG PrimaryStageWindow   - Set initial scene to FXGLStartupScene
18:22:39.780 [JavaFX Application Thread] DEBUG PrimaryStageWindow   - Opening main window
18:22:39.837 [JavaFX Application Thread] DEBUG PrimaryStageWindow   - Window border size: (14.6666259765625, 37.3333740234375)
18:22:39.837 [JavaFX Application Thread] DEBUG PrimaryStageWindow   - Scaled size: 1600.0 x 1200.0
18:22:39.837 [JavaFX Application Thread] DEBUG PrimaryStageWindow   - Scaled ratio: (1.0, 1.0)
18:22:39.838 [JavaFX Application Thread] DEBUG PrimaryStageWindow   - Scene size: 1600.0 x 1200.0
18:22:39.838 [JavaFX Application Thread] DEBUG PrimaryStageWindow   - Stage size: 1614.6666259765625 x 1237.3333740234375
18:22:39.842 [FXGL Background Thread 1 ] DEBUG Engine               - Initializing environment variables
18:22:39.909 [FXGL Background Thread 1 ] DEBUG FXGLAssetLoaderServi - User app class for loading assets: class jav.offroadrpg.GameApp
18:22:39.909 [FXGL Background Thread 1 ] DEBUG GameApplicationServi - Applying CSS: fxgl_dark.css
18:22:39.910 [FXGL Background Thread 1 ] DEBUG FXGLAssetLoaderServi - Loading from file system: jar:file:/C:/Users/justi/.m2/repository/com/github/almasb/fxgl/11.17/fxgl-11.17.jar!/fxglassets/ui/css/fxgl_dark.css
18:22:39.938 [FXGL Background Thread 1 ] DEBUG GameApplicationServi - Initializing application scenes
18:22:39.989 [FXGL Background Thread 1 ] DEBUG GameWorld            - Game world initialized
18:22:40.042 [FXGL Background Thread 1 ] DEBUG PhysicsWorld         - Physics world initialized: appHeight=1200, physics.ppm=50.0
18:22:40.043 [FXGL Background Thread 1 ] DEBUG PhysicsWorld         - Using strategy: BRUTE_FORCE
18:22:40.046 [FXGL Background Thread 1 ] DEBUG GameScene            - Game scene initialized: 1600x1200
18:22:40.056 [FXGL Background Thread 1 ] DEBUG FXGL.DefaultMenu     - createMenuBodyGameMenu()
18:22:40.067 [FXGL Background Thread 1 ] DEBUG FXGL.DefaultMenu     - createOptionsMenu()
18:22:40.072 [FXGL Background Thread 1 ] DEBUG FXGLAssetLoaderServi - Loading from file system: jar:file:/C:/Users/justi/.m2/repository/com/github/almasb/fxgl/11.17/fxgl-11.17.jar!/fxglassets/textures/particles/smoke.png
18:22:40.157 [FXGL Background Thread 1 ] DEBUG FXGLAssetLoaderServi - Loading from file system: jar:file:/C:/Users/justi/.m2/repository/com/github/almasb/fxgl/11.17/fxgl-11.17.jar!/fxglassets/textures/particles/trace_horizontal.png
18:22:40.178 [FXGL Background Thread 1 ] DEBUG GameApplicationServi - Application scenes initialized
18:22:40.186 [FXGL Background Thread 1 ] DEBUG SystemBundleService  - Loading FXGL system data
18:22:40.190 [FXGL Background Thread 1 ] DEBUG FileSystemAccess     - Reading from: D:\Mgame\the_rpg\system\fxgl.bundle
18:22:40.194 [FXGL Background Thread 1 ] DEBUG SystemBundleService  - Bundle FXGL: {}
18:22:40.194 [FXGL Background Thread 1 ] DEBUG UpdaterService       - Checking for updates
18:22:40.196 [FXGL Background Thread 4 ] DEBUG FXGLApplication      - Loading fonts
18:22:40.197 [FXGL Background Thread 4 ] DEBUG FXGLAssetLoaderServi - Loading from file system: jar:file:/C:/Users/justi/.m2/repository/com/github/almasb/fxgl/11.17/fxgl-11.17.jar!/fxglassets/ui/fonts/VarelaRound-Regular.ttf
18:22:40.197 [FXGL Background Thread 1 ] DEBUG FXGLApplication      - Loading default localization
18:22:40.197 [FXGL Background Thread 1 ] DEBUG FXGLAssetLoaderServi - Loading from file system: jar:file:/C:/Users/justi/.m2/repository/com/github/almasb/fxgl/11.17/fxgl-11.17.jar!/fxglassets/languages/english.lang
18:22:40.213 [FXGL Background Thread 1 ] INFO  FXGLApplication      - FXGL initialization took: 0.370 sec
18:22:40.218 [JavaFX Application Thread] DEBUG Input                - Registered new binding: Move Right - D
18:22:40.218 [JavaFX Application Thread] DEBUG Input                - Registered new binding: Move Left - A
18:22:40.218 [FXGL Background Thread 4 ] DEBUG FXGLAssetLoaderServi - Loading from file system: jar:file:/C:/Users/justi/.m2/repository/com/github/almasb/fxgl/11.17/fxgl-11.17.jar!/fxglassets/ui/fonts/Abel-Regular.ttf
18:22:40.218 [JavaFX Application Thread] DEBUG Input                - Registered new binding: Move Up - W
18:22:40.219 [JavaFX Application Thread] DEBUG Input                - Registered new binding: Move Down - S
18:22:40.219 [JavaFX Application Thread] DEBUG FXGLAssetLoaderServi - Loading from file system: jar:file:/C:/Users/justi/.m2/repository/com/github/almasb/fxgl/11.17/fxgl-11.17.jar!/fxglassets/textures/fxgl_icon.png
18:22:40.221 [FXGL Background Thread 4 ] DEBUG FXGLAssetLoaderServi - Loading from file system: jar:file:/C:/Users/justi/.m2/repository/com/github/almasb/fxgl/11.17/fxgl-11.17.jar!/fxglassets/ui/fonts/lucida_console.ttf
18:22:40.224 [FXGL Background Thread 4 ] DEBUG FXGLAssetLoaderServi - Loading from file system: jar:file:/C:/Users/justi/.m2/repository/com/github/almasb/fxgl/11.17/fxgl-11.17.jar!/fxglassets/ui/fonts/Courier-Prime.ttf
18:22:40.231 [JavaFX Application Thread] DEBUG FXGLAssetLoaderServi - Loading from file system: jar:file:/C:/Users/justi/.m2/repository/com/github/almasb/fxgl/11.17/fxgl-11.17.jar!/fxglassets/textures/fxgl_default_cursor.png
18:22:40.233 [JavaFX Application Thread] DEBUG Input                - Registered new binding: Screenshot - CTRL+8
18:22:40.234 [JavaFX Application Thread] DEBUG Input                - Registered new binding: System info dump - CTRL+9
18:22:40.234 [JavaFX Application Thread] DEBUG Input                - Registered new binding: Restart - CTRL+R
18:22:40.236 [JavaFX Application Thread] DEBUG Input                - Registered new binding: Toggle Debug Camera - CTRL+C
18:22:40.241 [JavaFX Application Thread] DEBUG LoopRunner           - Starting loop
18:22:40.241 [JavaFX Application Thread] DEBUG LoopRunner           - Initializing JavaFX AnimationTimerLoop
18:22:40.243 [JavaFX Application Thread] DEBUG GameApplicationServi - Starting new game
18:22:40.243 [JavaFX Application Thread] DEBUG Input                - Clearing active input actions
18:22:40.254 [JavaFX Application Thread] DEBUG GameApplicationServi - Removing overlay from FXGLStartupScene and adding to FXGLLoadingScene
18:22:40.254 [JavaFX Application Thread] DEBUG PrimaryStageWindow   - FXGLStartupScene -> FXGLLoadingScene
18:22:40.254 [JavaFX Application Thread] DEBUG GameApplicationServi - Clearing previous game
18:22:40.254 [JavaFX Application Thread] DEBUG GameScene            - Clearing game scene
18:22:40.254 [JavaFX Application Thread] DEBUG GameWorld            - Clearing game world
18:22:40.254 [JavaFX Application Thread] DEBUG PhysicsWorld         - Clearing physics world
18:22:40.256 [JavaFX Application Thread] DEBUG FXGLApplication      - Registering font factories with UI factory
18:22:40.256 [FXGL Background Thread 4 ] DEBUG FXGLApplication      - Initializing game
18:22:40.256 [FXGL Background Thread 4 ] DEBUG FXGLAssetLoaderServi - Loading from file system: file:/D:/Mgame/the_rpg/target/classes/assets/textures/Backgrounds/Intro_village.jpg
18:22:40.301 [FXGL Background Thread 4 ] DEBUG FXGLAssetLoaderServi - Loading from file system: file:/D:/Mgame/the_rpg/target/classes/assets/music/testingSong.mp3
18:22:40.440 [FXGL Background Thread 4 ] DEBUG AudioPlayer          - Playing music com.almasb.fxgl.audio.Music@688f463c
18:22:40.448 [FXGL Background Thread 4 ] DEBUG FXGLAssetLoaderServi - Loading from file system: file:/D:/Mgame/the_rpg/target/classes/assets/textures/Characters/Knight.png
18:22:40.452 [FXGL Background Thread 4 ] INFO  FXGLApplication      - Game initialization took: 0.197 sec
18:22:40.460 [JavaFX Application Thread] DEBUG Input                - Clearing active input actions
18:22:40.467 [JavaFX Application Thread] DEBUG GameApplicationServi - Removing overlay from FXGLLoadingScene and adding to GameScene
18:22:40.467 [JavaFX Application Thread] DEBUG PrimaryStageWindow   - FXGLLoadingScene -> GameScene
18:22:40.629 [FXGL Background Thread 2 ] INFO  UpdaterService       - Your current version:  11.17
18:22:40.629 [FXGL Background Thread 2 ] INFO  UpdaterService       - Latest stable version: 21.1
18:22:43.196 [FXGL Background Thread 3 ] DEBUG Engine               - Logging environment variables
18:22:43.196 [FXGL Background Thread 3 ] DEBUG Engine               - achievements: []
18:22:43.196 [FXGL Background Thread 3 ] DEBUG Engine               - actualHeight: 1200.0
18:22:43.197 [FXGL Background Thread 3 ] DEBUG Engine               - actualHeightProperty: ReadOnlyDoubleProperty [value: 1200.0]
18:22:43.197 [FXGL Background Thread 3 ] DEBUG Engine               - actualWidth: 1600.0
18:22:43.197 [FXGL Background Thread 3 ] DEBUG Engine               - actualWidthProperty: ReadOnlyDoubleProperty [value: 1600.0]
18:22:43.197 [FXGL Background Thread 3 ] DEBUG Engine               - appIcon: fxgl_icon.png
18:22:43.197 [FXGL Background Thread 3 ] DEBUG Engine               - applicationMode: DEVELOPER
18:22:43.198 [FXGL Background Thread 3 ] DEBUG Engine               - cSSList: [fxgl_dark.css]
18:22:43.198 [FXGL Background Thread 3 ] DEBUG Engine               - collisionDetectionStrategy: BRUTE_FORCE
18:22:43.198 [FXGL Background Thread 3 ] DEBUG Engine               - configClass: Optional.empty
18:22:43.198 [FXGL Background Thread 3 ] DEBUG Engine               - credits: []
18:22:43.198 [FXGL Background Thread 3 ] DEBUG Engine               - defaultCursor: CursorInfo(imageName=fxgl_default_cursor.png, hotspotX=7.0, hotspotY=6.0)
18:22:43.198 [FXGL Background Thread 3 ] DEBUG Engine               - devBBoxColorProperty: ObjectProperty [value: 0xff0000ff]
18:22:43.198 [FXGL Background Thread 3 ] DEBUG Engine               - devEnableDebugCameraProperty: BooleanProperty [value: false]
18:22:43.198 [FXGL Background Thread 3 ] DEBUG Engine               - devSensorColorProperty: ObjectProperty [value: 0xffff00ff]
18:22:43.198 [FXGL Background Thread 3 ] DEBUG Engine               - devShowBBoxProperty: BooleanProperty [value: false]
18:22:43.198 [FXGL Background Thread 3 ] DEBUG Engine               - devShowPositionProperty: BooleanProperty [value: false]
18:22:43.198 [FXGL Background Thread 3 ] DEBUG Engine               - enabledMenuItems: []
18:22:43.198 [FXGL Background Thread 3 ] DEBUG Engine               - engineServices: [class com.almasb.fxgl.app.services.FXGLAssetLoaderService, class com.almasb.fxgl.app.FXGLApplication$GameApplicationService, class com.almasb.fxgl.app.services.FXGLDialogService, class com.almasb.fxgl.app.services.IOTaskExecutorService, class com.almasb.fxgl.io.FileSystemService, class com.almasb.fxgl.localization.LocalizationService, class com.almasb.fxgl.app.services.SystemBundleService, class com.almasb.fxgl.profile.SaveLoadService, class com.almasb.fxgl.ui.FXGLUIFactoryServiceProvider, class com.almasb.fxgl.ui.FXGLDialogFactoryServiceProvider, class com.almasb.fxgl.audio.AudioPlayer, class com.almasb.fxgl.notification.impl.NotificationServiceProvider, class com.almasb.fxgl.achievement.AchievementService, class com.almasb.fxgl.cutscene.CutsceneService, class com.almasb.fxgl.minigames.MiniGameService, class com.almasb.fxgl.net.NetService, class com.almasb.fxgl.app.services.UpdaterService, class com.almasb.fxgl.dev.DevService]
18:22:43.199 [FXGL Background Thread 3 ] DEBUG Engine               - fontGame: Abel-Regular.ttf
18:22:43.199 [FXGL Background Thread 3 ] DEBUG Engine               - fontMono: lucida_console.ttf
18:22:43.199 [FXGL Background Thread 3 ] DEBUG Engine               - fontText: Courier-Prime.ttf
18:22:43.199 [FXGL Background Thread 3 ] DEBUG Engine               - fontUI: VarelaRound-Regular.ttf
18:22:43.199 [FXGL Background Thread 3 ] DEBUG Engine               - fullScreen: BooleanProperty [value: false]
18:22:43.199 [FXGL Background Thread 3 ] DEBUG Engine               - gameDifficulty: MEDIUM
18:22:43.199 [FXGL Background Thread 3 ] DEBUG Engine               - gameDifficultyProperty: ObjectProperty [value: MEDIUM]
18:22:43.199 [FXGL Background Thread 3 ] DEBUG Engine               - globalMusicVolume: 0.5
18:22:43.199 [FXGL Background Thread 3 ] DEBUG Engine               - globalMusicVolumeProperty: DoubleProperty [value: 0.5]
18:22:43.199 [FXGL Background Thread 3 ] DEBUG Engine               - globalSoundVolume: 0.5
18:22:43.199 [FXGL Background Thread 3 ] DEBUG Engine               - globalSoundVolumeProperty: DoubleProperty [value: 0.5]
18:22:43.199 [FXGL Background Thread 3 ] DEBUG Engine               - height: 1200
18:22:43.199 [FXGL Background Thread 3 ] DEBUG Engine               - is3D: false
18:22:43.199 [FXGL Background Thread 3 ] DEBUG Engine               - isAndroid: false
18:22:43.199 [FXGL Background Thread 3 ] DEBUG Engine               - isBrowser: false
18:22:43.199 [FXGL Background Thread 3 ] DEBUG Engine               - isClickFeedbackEnabled: false
18:22:43.199 [FXGL Background Thread 3 ] DEBUG Engine               - isCloseConfirmation: false
18:22:43.199 [FXGL Background Thread 3 ] DEBUG Engine               - isDesktop: true
18:22:43.199 [FXGL Background Thread 3 ] DEBUG Engine               - isDeveloperMenuEnabled: false
18:22:43.199 [FXGL Background Thread 3 ] DEBUG Engine               - isEntityPreloadEnabled: true
18:22:43.199 [FXGL Background Thread 3 ] DEBUG Engine               - isExperimentalTiledLargeMap: false
18:22:43.199 [FXGL Background Thread 3 ] DEBUG Engine               - isFileSystemWriteAllowed: true
18:22:43.199 [FXGL Background Thread 3 ] DEBUG Engine               - isFullScreenAllowed: false
18:22:43.199 [FXGL Background Thread 3 ] DEBUG Engine               - isFullScreenFromStart: false
18:22:43.199 [FXGL Background Thread 3 ] DEBUG Engine               - isGameMenuEnabled: true
18:22:43.199 [FXGL Background Thread 3 ] DEBUG Engine               - isIOS: false
18:22:43.199 [FXGL Background Thread 3 ] DEBUG Engine               - isIntroEnabled: false
18:22:43.199 [FXGL Background Thread 3 ] DEBUG Engine               - isLinux: false
18:22:43.199 [FXGL Background Thread 3 ] DEBUG Engine               - isMac: false
18:22:43.199 [FXGL Background Thread 3 ] DEBUG Engine               - isMainMenuEnabled: false
18:22:43.200 [FXGL Background Thread 3 ] DEBUG Engine               - isManualResizeEnabled: false
18:22:43.200 [FXGL Background Thread 3 ] DEBUG Engine               - isMobile: false
18:22:43.200 [FXGL Background Thread 3 ] DEBUG Engine               - isNative: false
18:22:43.200 [FXGL Background Thread 3 ] DEBUG Engine               - isPauseMusicWhenMinimized: true
18:22:43.200 [FXGL Background Thread 3 ] DEBUG Engine               - isPreserveResizeRatio: false
18:22:43.200 [FXGL Background Thread 3 ] DEBUG Engine               - isProfilingEnabled: false
18:22:43.200 [FXGL Background Thread 3 ] DEBUG Engine               - isScaleAffectedOnResize: true
18:22:43.200 [FXGL Background Thread 3 ] DEBUG Engine               - isSingleStep: false
18:22:43.200 [FXGL Background Thread 3 ] DEBUG Engine               - isUserProfileEnabled: false
18:22:43.200 [FXGL Background Thread 3 ] DEBUG Engine               - isWindows: true
18:22:43.200 [FXGL Background Thread 3 ] DEBUG Engine               - language: ObjectProperty [value: ENGLISH]
18:22:43.200 [FXGL Background Thread 3 ] DEBUG Engine               - menuKey: ESCAPE
18:22:43.200 [FXGL Background Thread 3 ] DEBUG Engine               - mouseSensitivity: 0.2
18:22:43.200 [FXGL Background Thread 3 ] DEBUG Engine               - notificationViewClass: class com.almasb.fxgl.notification.view.XboxNotificationView
18:22:43.200 [FXGL Background Thread 3 ] DEBUG Engine               - pixelsPerMeter: 50.0
18:22:43.200 [FXGL Background Thread 3 ] DEBUG Engine               - platform: WINDOWS
18:22:43.200 [FXGL Background Thread 3 ] DEBUG Engine               - prefHeightProperty: ReadOnlyDoubleProperty [value: 1200.0]
18:22:43.200 [FXGL Background Thread 3 ] DEBUG Engine               - prefWidthProperty: ReadOnlyDoubleProperty [value: 1600.0]
18:22:43.200 [FXGL Background Thread 3 ] DEBUG Engine               - profileDir: profiles/
18:22:43.200 [FXGL Background Thread 3 ] DEBUG Engine               - profileName: StringProperty [value: DEFAULT]
18:22:43.200 [FXGL Background Thread 3 ] DEBUG Engine               - randomSeed: -1
18:22:43.200 [FXGL Background Thread 3 ] DEBUG Engine               - runtimeInfo: RuntimeInfo(platform=WINDOWS, version=11.17, build=16.07.2021 15.46)
18:22:43.200 [FXGL Background Thread 3 ] DEBUG Engine               - saveFileExt: sav
18:22:43.200 [FXGL Background Thread 3 ] DEBUG Engine               - scaledHeightProp$fxgl: DoubleProperty [bound, value: 1200.0]
18:22:43.200 [FXGL Background Thread 3 ] DEBUG Engine               - scaledWidthProp$fxgl: DoubleProperty [bound, value: 1600.0]
18:22:43.200 [FXGL Background Thread 3 ] DEBUG Engine               - sceneFactory: com.almasb.fxgl.app.scene.SceneFactory@1f0fc0fd
18:22:43.200 [FXGL Background Thread 3 ] DEBUG Engine               - secondsIn24h: 60
18:22:43.200 [FXGL Background Thread 3 ] DEBUG Engine               - soundMenuBack: menu/back.wav
18:22:43.200 [FXGL Background Thread 3 ] DEBUG Engine               - soundMenuPress: menu/press.wav
18:22:43.200 [FXGL Background Thread 3 ] DEBUG Engine               - soundMenuSelect: menu/select.wav
18:22:43.200 [FXGL Background Thread 3 ] DEBUG Engine               - soundNotification: core/notification.wav
18:22:43.200 [FXGL Background Thread 3 ] DEBUG Engine               - stageStyle: DECORATED
18:22:43.200 [FXGL Background Thread 3 ] DEBUG Engine               - supportedLanguages: [ENGLISH, FRENCH, GERMAN, HUNGARIAN, RUSSIAN]
18:22:43.200 [FXGL Background Thread 3 ] DEBUG Engine               - ticksPerSecond: -1
18:22:43.200 [FXGL Background Thread 3 ] DEBUG Engine               - title: Simple FXGL Game
18:22:43.200 [FXGL Background Thread 3 ] DEBUG Engine               - urlGithub: https://github.com/AlmasB/FXGL
18:22:43.200 [FXGL Background Thread 3 ] DEBUG Engine               - urlLeaderboard: http://fxgl-top.herokuapp.com/
18:22:43.200 [FXGL Background Thread 3 ] DEBUG Engine               - urlPOM: https://raw.githubusercontent.com/AlmasB/FXGL/release/README.md
18:22:43.200 [FXGL Background Thread 3 ] DEBUG Engine               - userAppClass: class jav.offroadrpg.GameApp
18:22:43.200 [FXGL Background Thread 3 ] DEBUG Engine               - version: 0.1
18:22:43.200 [FXGL Background Thread 3 ] DEBUG Engine               - versionCheckDays: 7
18:22:43.200 [FXGL Background Thread 3 ] DEBUG Engine               - width: 1600
18:22:43.200 [FXGL Background Thread 3 ] DEBUG Engine               - Logging services
18:22:43.200 [FXGL Background Thread 3 ] DEBUG Engine               - class com.almasb.fxgl.app.services.FXGLAssetLoaderService
18:22:43.200 [FXGL Background Thread 3 ] DEBUG Engine               - class com.almasb.fxgl.app.FXGLApplication$GameApplicationService
18:22:43.200 [FXGL Background Thread 3 ] DEBUG Engine               - class com.almasb.fxgl.app.services.FXGLDialogService
18:22:43.200 [FXGL Background Thread 3 ] DEBUG Engine               - class com.almasb.fxgl.app.services.IOTaskExecutorService
18:22:43.200 [FXGL Background Thread 3 ] DEBUG Engine               - class com.almasb.fxgl.io.FileSystemService
18:22:43.200 [FXGL Background Thread 3 ] DEBUG Engine               - class com.almasb.fxgl.localization.LocalizationService
18:22:43.200 [FXGL Background Thread 3 ] DEBUG Engine               - class com.almasb.fxgl.app.services.SystemBundleService
18:22:43.200 [FXGL Background Thread 3 ] DEBUG Engine               - class com.almasb.fxgl.profile.SaveLoadService
18:22:43.200 [FXGL Background Thread 3 ] DEBUG Engine               - class com.almasb.fxgl.ui.FXGLUIFactoryServiceProvider
18:22:43.200 [FXGL Background Thread 3 ] DEBUG Engine               - class com.almasb.fxgl.ui.FXGLDialogFactoryServiceProvider
18:22:43.200 [FXGL Background Thread 3 ] DEBUG Engine               - class com.almasb.fxgl.audio.AudioPlayer
18:22:43.201 [FXGL Background Thread 3 ] DEBUG Engine               - class com.almasb.fxgl.notification.impl.NotificationServiceProvider
18:22:43.201 [FXGL Background Thread 3 ] DEBUG Engine               - class com.almasb.fxgl.achievement.AchievementService
18:22:43.201 [FXGL Background Thread 3 ] DEBUG Engine               - class com.almasb.fxgl.cutscene.CutsceneService
18:22:43.201 [FXGL Background Thread 3 ] DEBUG Engine               - class com.almasb.fxgl.minigames.MiniGameService
18:22:43.201 [FXGL Background Thread 3 ] DEBUG Engine               - class com.almasb.fxgl.net.NetService
18:22:43.201 [FXGL Background Thread 3 ] DEBUG Engine               - class com.almasb.fxgl.app.services.UpdaterService
18:22:43.201 [FXGL Background Thread 3 ] DEBUG Engine               - class com.almasb.fxgl.dev.DevService
18:23:11.148 [JavaFX Application Thread] DEBUG FXGLApplication      - Exiting FXGL
18:23:11.149 [JavaFX Application Thread] DEBUG LoopRunner           - Stopping loop
18:23:11.149 [JavaFX Application Thread] DEBUG SystemBundleService  - Saving FXGL system data
18:23:11.151 [JavaFX Application Thread] DEBUG FileSystemAccess     - Writing to: D:\Mgame\the_rpg\system\fxgl.bundle
18:23:11.153 [JavaFX Application Thread] DEBUG Async                - Shutting down background threads
18:23:11.154 [JavaFX Application Thread] DEBUG PrimaryStageWindow   - Closing main window
18:23:11.177 [JavaFX Application Thread] DEBUG Logger               - Closing Logger
