17:42:45.857 [main                     ] DEBUG Logger               - Configured Logger
17:42:45.861 [main                     ] DEBUG GameApplication      - Logging settings
Title: Simple FXGL Game
Version: 0.1
Width: 1600
Height: 1200
Fullscreen: false
Intro: false
Profiling: false
Single step:false
App Mode: DEVELOPER
Menu Key: ESCAPE
Stage Style: DECORATED
Scene Factory: class com.almasb.fxgl.app.scene.SceneFactory

17:42:46.217 [JavaFX Application Thread] DEBUG FXGLApplication      - Initializing FXGL
17:42:46.218 [JavaFX Application Thread] INFO  Engine               - FXGL-11.17 (16.07.2021 15.46) on WINDOWS (J:23.0.1 FX:16)
17:42:46.219 [JavaFX Application Thread] DEBUG Engine               - JRE Vendor Name: Oracle Corporation
17:42:46.219 [JavaFX Application Thread] DEBUG Engine               - Running on OS: Windows 11 version 10.0
17:42:46.219 [JavaFX Application Thread] DEBUG Engine               - Architecture: amd64
17:42:46.219 [JavaFX Application Thread] INFO  Engine               - Source code and latest versions at: https://github.com/AlmasB/FXGL
17:42:46.219 [JavaFX Application Thread] INFO  Engine               -              Join the FXGL chat at: https://gitter.im/AlmasB/FXGL
17:42:46.284 [JavaFX Application Thread] DEBUG PrimaryStageWindow   - Creating a JavaFX scene
17:42:46.310 [JavaFX Application Thread] DEBUG PrimaryStageWindow   - Target settings size: 1600.0 x 1200.0
17:42:46.311 [JavaFX Application Thread] DEBUG PrimaryStageWindow   - Scaled scene size:    1600.0 x 1200.0
17:42:46.311 [JavaFX Application Thread] DEBUG PrimaryStageWindow   - Scaled ratio: (1.0, 1.0)
17:42:46.312 [JavaFX Application Thread] DEBUG PrimaryStageWindow   - Set initial scene to FXGLStartupScene
17:42:46.316 [JavaFX Application Thread] DEBUG PrimaryStageWindow   - Opening main window
17:42:46.371 [JavaFX Application Thread] DEBUG PrimaryStageWindow   - Window border size: (14.6666259765625, 37.3333740234375)
17:42:46.371 [JavaFX Application Thread] DEBUG PrimaryStageWindow   - Scaled size: 1600.0 x 1200.0
17:42:46.371 [JavaFX Application Thread] DEBUG PrimaryStageWindow   - Scaled ratio: (1.0, 1.0)
17:42:46.371 [JavaFX Application Thread] DEBUG PrimaryStageWindow   - Scene size: 1600.0 x 1200.0
17:42:46.371 [JavaFX Application Thread] DEBUG PrimaryStageWindow   - Stage size: 1614.6666259765625 x 1237.3333740234375
17:42:46.376 [FXGL Background Thread 1 ] DEBUG Engine               - Initializing environment variables
17:42:46.438 [FXGL Background Thread 1 ] DEBUG FXGLAssetLoaderServi - User app class for loading assets: class jav.offroadrpg.GameApp
17:42:46.438 [FXGL Background Thread 1 ] DEBUG GameApplicationServi - Applying CSS: fxgl_dark.css
17:42:46.438 [FXGL Background Thread 1 ] DEBUG FXGLAssetLoaderServi - Loading from file system: jar:file:/C:/Users/justi/.m2/repository/com/github/almasb/fxgl/11.17/fxgl-11.17.jar!/fxglassets/ui/css/fxgl_dark.css
17:42:46.468 [FXGL Background Thread 1 ] DEBUG GameApplicationServi - Initializing application scenes
17:42:46.520 [FXGL Background Thread 1 ] DEBUG GameWorld            - Game world initialized
17:42:46.581 [FXGL Background Thread 1 ] DEBUG PhysicsWorld         - Physics world initialized: appHeight=1200, physics.ppm=50.0
17:42:46.581 [FXGL Background Thread 1 ] DEBUG PhysicsWorld         - Using strategy: BRUTE_FORCE
17:42:46.582 [FXGL Background Thread 1 ] DEBUG GameScene            - Game scene initialized: 1600x1200
17:42:46.593 [FXGL Background Thread 1 ] DEBUG FXGL.DefaultMenu     - createMenuBodyGameMenu()
17:42:46.603 [FXGL Background Thread 1 ] DEBUG FXGL.DefaultMenu     - createOptionsMenu()
17:42:46.608 [FXGL Background Thread 1 ] DEBUG FXGLAssetLoaderServi - Loading from file system: jar:file:/C:/Users/justi/.m2/repository/com/github/almasb/fxgl/11.17/fxgl-11.17.jar!/fxglassets/textures/particles/smoke.png
17:42:46.683 [FXGL Background Thread 1 ] DEBUG FXGLAssetLoaderServi - Loading from file system: jar:file:/C:/Users/justi/.m2/repository/com/github/almasb/fxgl/11.17/fxgl-11.17.jar!/fxglassets/textures/particles/trace_horizontal.png
17:42:46.706 [FXGL Background Thread 1 ] DEBUG GameApplicationServi - Application scenes initialized
17:42:46.716 [FXGL Background Thread 1 ] DEBUG SystemBundleService  - Loading FXGL system data
17:42:46.719 [FXGL Background Thread 1 ] DEBUG FileSystemAccess     - Reading from: D:\Mgame\the_rpg\system\fxgl.bundle
17:42:46.723 [FXGL Background Thread 1 ] DEBUG SystemBundleService  - Bundle FXGL: {}
17:42:46.723 [FXGL Background Thread 1 ] DEBUG UpdaterService       - Checking for updates
17:42:46.725 [FXGL Background Thread 4 ] DEBUG FXGLApplication      - Loading fonts
17:42:46.726 [FXGL Background Thread 4 ] DEBUG FXGLAssetLoaderServi - Loading from file system: jar:file:/C:/Users/justi/.m2/repository/com/github/almasb/fxgl/11.17/fxgl-11.17.jar!/fxglassets/ui/fonts/VarelaRound-Regular.ttf
17:42:46.726 [FXGL Background Thread 1 ] DEBUG FXGLApplication      - Loading default localization
17:42:46.726 [FXGL Background Thread 1 ] DEBUG FXGLAssetLoaderServi - Loading from file system: jar:file:/C:/Users/justi/.m2/repository/com/github/almasb/fxgl/11.17/fxgl-11.17.jar!/fxglassets/languages/english.lang
17:42:46.739 [FXGL Background Thread 1 ] INFO  FXGLApplication      - FXGL initialization took: 0.363 sec
17:42:46.745 [JavaFX Application Thread] DEBUG Input                - Registered new binding: Move Right - D
17:42:46.745 [JavaFX Application Thread] DEBUG Input                - Registered new binding: Move Left - A
17:42:46.746 [JavaFX Application Thread] DEBUG Input                - Registered new binding: Move Up - W
17:42:46.746 [JavaFX Application Thread] DEBUG Input                - Registered new binding: Move Down - S
17:42:46.746 [JavaFX Application Thread] DEBUG FXGLAssetLoaderServi - Loading from file system: jar:file:/C:/Users/justi/.m2/repository/com/github/almasb/fxgl/11.17/fxgl-11.17.jar!/fxglassets/textures/fxgl_icon.png
17:42:46.748 [FXGL Background Thread 4 ] DEBUG FXGLAssetLoaderServi - Loading from file system: jar:file:/C:/Users/justi/.m2/repository/com/github/almasb/fxgl/11.17/fxgl-11.17.jar!/fxglassets/ui/fonts/Abel-Regular.ttf
17:42:46.750 [FXGL Background Thread 4 ] DEBUG FXGLAssetLoaderServi - Loading from file system: jar:file:/C:/Users/justi/.m2/repository/com/github/almasb/fxgl/11.17/fxgl-11.17.jar!/fxglassets/ui/fonts/lucida_console.ttf
17:42:46.754 [FXGL Background Thread 4 ] DEBUG FXGLAssetLoaderServi - Loading from file system: jar:file:/C:/Users/justi/.m2/repository/com/github/almasb/fxgl/11.17/fxgl-11.17.jar!/fxglassets/ui/fonts/Courier-Prime.ttf
17:42:46.764 [JavaFX Application Thread] DEBUG FXGLAssetLoaderServi - Loading from file system: jar:file:/C:/Users/justi/.m2/repository/com/github/almasb/fxgl/11.17/fxgl-11.17.jar!/fxglassets/textures/fxgl_default_cursor.png
17:42:46.769 [JavaFX Application Thread] DEBUG Input                - Registered new binding: Screenshot - CTRL+8
17:42:46.770 [JavaFX Application Thread] DEBUG Input                - Registered new binding: System info dump - CTRL+9
17:42:46.770 [JavaFX Application Thread] DEBUG Input                - Registered new binding: Restart - CTRL+R
17:42:46.771 [JavaFX Application Thread] DEBUG Input                - Registered new binding: Toggle Debug Camera - CTRL+C
17:42:46.775 [JavaFX Application Thread] DEBUG LoopRunner           - Starting loop
17:42:46.775 [JavaFX Application Thread] DEBUG LoopRunner           - Initializing JavaFX AnimationTimerLoop
17:42:46.776 [JavaFX Application Thread] DEBUG GameApplicationServi - Starting new game
17:42:46.776 [JavaFX Application Thread] DEBUG Input                - Clearing active input actions
17:42:46.789 [JavaFX Application Thread] DEBUG GameApplicationServi - Removing overlay from FXGLStartupScene and adding to FXGLLoadingScene
17:42:46.789 [JavaFX Application Thread] DEBUG PrimaryStageWindow   - FXGLStartupScene -> FXGLLoadingScene
17:42:46.789 [JavaFX Application Thread] DEBUG GameApplicationServi - Clearing previous game
17:42:46.790 [JavaFX Application Thread] DEBUG GameScene            - Clearing game scene
17:42:46.790 [JavaFX Application Thread] DEBUG GameWorld            - Clearing game world
17:42:46.790 [JavaFX Application Thread] DEBUG PhysicsWorld         - Clearing physics world
17:42:46.791 [JavaFX Application Thread] DEBUG FXGLApplication      - Registering font factories with UI factory
17:42:46.791 [FXGL Background Thread 4 ] DEBUG FXGLApplication      - Initializing game
17:42:46.792 [FXGL Background Thread 4 ] DEBUG FXGLAssetLoaderServi - Loading from file system: file:/D:/Mgame/the_rpg/target/classes/assets/textures/Backgrounds/Intro_village.jpg
17:42:46.832 [FXGL Background Thread 4 ] DEBUG FXGLAssetLoaderServi - Loading from file system: file:/D:/Mgame/the_rpg/target/classes/assets/music/testingSong.mp3
17:42:46.979 [FXGL Background Thread 4 ] DEBUG AudioPlayer          - Playing music com.almasb.fxgl.audio.Music@10fb3ff1
17:42:46.983 [FXGL Background Thread 4 ] DEBUG FXGLAssetLoaderServi - Loading from file system: file:/D:/Mgame/the_rpg/target/classes/assets/textures/Characters/Knight.png
17:42:46.988 [FXGL Background Thread 4 ] INFO  FXGLApplication      - Game initialization took: 0.197 sec
17:42:47.009 [JavaFX Application Thread] DEBUG Input                - Clearing active input actions
17:42:47.014 [JavaFX Application Thread] DEBUG GameApplicationServi - Removing overlay from FXGLLoadingScene and adding to GameScene
17:42:47.014 [JavaFX Application Thread] DEBUG PrimaryStageWindow   - FXGLLoadingScene -> GameScene
17:42:47.156 [FXGL Background Thread 2 ] INFO  UpdaterService       - Your current version:  11.17
17:42:47.156 [FXGL Background Thread 2 ] INFO  UpdaterService       - Latest stable version: 21.1
17:42:49.725 [FXGL Background Thread 3 ] DEBUG Engine               - Logging environment variables
17:42:49.726 [FXGL Background Thread 3 ] DEBUG Engine               - achievements: []
17:42:49.727 [FXGL Background Thread 3 ] DEBUG Engine               - actualHeight: 1200.0
17:42:49.728 [FXGL Background Thread 3 ] DEBUG Engine               - actualHeightProperty: ReadOnlyDoubleProperty [value: 1200.0]
17:42:49.728 [FXGL Background Thread 3 ] DEBUG Engine               - actualWidth: 1600.0
17:42:49.728 [FXGL Background Thread 3 ] DEBUG Engine               - actualWidthProperty: ReadOnlyDoubleProperty [value: 1600.0]
17:42:49.728 [FXGL Background Thread 3 ] DEBUG Engine               - appIcon: fxgl_icon.png
17:42:49.728 [FXGL Background Thread 3 ] DEBUG Engine               - applicationMode: DEVELOPER
17:42:49.728 [FXGL Background Thread 3 ] DEBUG Engine               - cSSList: [fxgl_dark.css]
17:42:49.728 [FXGL Background Thread 3 ] DEBUG Engine               - collisionDetectionStrategy: BRUTE_FORCE
17:42:49.728 [FXGL Background Thread 3 ] DEBUG Engine               - configClass: Optional.empty
17:42:49.729 [FXGL Background Thread 3 ] DEBUG Engine               - credits: []
17:42:49.729 [FXGL Background Thread 3 ] DEBUG Engine               - defaultCursor: CursorInfo(imageName=fxgl_default_cursor.png, hotspotX=7.0, hotspotY=6.0)
17:42:49.729 [FXGL Background Thread 3 ] DEBUG Engine               - devBBoxColorProperty: ObjectProperty [value: 0xff0000ff]
17:42:49.729 [FXGL Background Thread 3 ] DEBUG Engine               - devEnableDebugCameraProperty: BooleanProperty [value: false]
17:42:49.730 [FXGL Background Thread 3 ] DEBUG Engine               - devSensorColorProperty: ObjectProperty [value: 0xffff00ff]
17:42:49.730 [FXGL Background Thread 3 ] DEBUG Engine               - devShowBBoxProperty: BooleanProperty [value: false]
17:42:49.730 [FXGL Background Thread 3 ] DEBUG Engine               - devShowPositionProperty: BooleanProperty [value: false]
17:42:49.730 [FXGL Background Thread 3 ] DEBUG Engine               - enabledMenuItems: []
17:42:49.730 [FXGL Background Thread 3 ] DEBUG Engine               - engineServices: [class com.almasb.fxgl.app.services.FXGLAssetLoaderService, class com.almasb.fxgl.app.FXGLApplication$GameApplicationService, class com.almasb.fxgl.app.services.FXGLDialogService, class com.almasb.fxgl.app.services.IOTaskExecutorService, class com.almasb.fxgl.io.FileSystemService, class com.almasb.fxgl.localization.LocalizationService, class com.almasb.fxgl.app.services.SystemBundleService, class com.almasb.fxgl.profile.SaveLoadService, class com.almasb.fxgl.ui.FXGLUIFactoryServiceProvider, class com.almasb.fxgl.ui.FXGLDialogFactoryServiceProvider, class com.almasb.fxgl.audio.AudioPlayer, class com.almasb.fxgl.notification.impl.NotificationServiceProvider, class com.almasb.fxgl.achievement.AchievementService, class com.almasb.fxgl.cutscene.CutsceneService, class com.almasb.fxgl.minigames.MiniGameService, class com.almasb.fxgl.net.NetService, class com.almasb.fxgl.app.services.UpdaterService, class com.almasb.fxgl.dev.DevService]
17:42:49.730 [FXGL Background Thread 3 ] DEBUG Engine               - fontGame: Abel-Regular.ttf
17:42:49.731 [FXGL Background Thread 3 ] DEBUG Engine               - fontMono: lucida_console.ttf
17:42:49.731 [FXGL Background Thread 3 ] DEBUG Engine               - fontText: Courier-Prime.ttf
17:42:49.731 [FXGL Background Thread 3 ] DEBUG Engine               - fontUI: VarelaRound-Regular.ttf
17:42:49.731 [FXGL Background Thread 3 ] DEBUG Engine               - fullScreen: BooleanProperty [value: false]
17:42:49.731 [FXGL Background Thread 3 ] DEBUG Engine               - gameDifficulty: MEDIUM
17:42:49.731 [FXGL Background Thread 3 ] DEBUG Engine               - gameDifficultyProperty: ObjectProperty [value: MEDIUM]
17:42:49.731 [FXGL Background Thread 3 ] DEBUG Engine               - globalMusicVolume: 0.5
17:42:49.731 [FXGL Background Thread 3 ] DEBUG Engine               - globalMusicVolumeProperty: DoubleProperty [value: 0.5]
17:42:49.731 [FXGL Background Thread 3 ] DEBUG Engine               - globalSoundVolume: 0.5
17:42:49.731 [FXGL Background Thread 3 ] DEBUG Engine               - globalSoundVolumeProperty: DoubleProperty [value: 0.5]
17:42:49.731 [FXGL Background Thread 3 ] DEBUG Engine               - height: 1200
17:42:49.731 [FXGL Background Thread 3 ] DEBUG Engine               - is3D: false
17:42:49.731 [FXGL Background Thread 3 ] DEBUG Engine               - isAndroid: false
17:42:49.731 [FXGL Background Thread 3 ] DEBUG Engine               - isBrowser: false
17:42:49.731 [FXGL Background Thread 3 ] DEBUG Engine               - isClickFeedbackEnabled: false
17:42:49.731 [FXGL Background Thread 3 ] DEBUG Engine               - isCloseConfirmation: false
17:42:49.731 [FXGL Background Thread 3 ] DEBUG Engine               - isDesktop: true
17:42:49.731 [FXGL Background Thread 3 ] DEBUG Engine               - isDeveloperMenuEnabled: false
17:42:49.731 [FXGL Background Thread 3 ] DEBUG Engine               - isEntityPreloadEnabled: true
17:42:49.731 [FXGL Background Thread 3 ] DEBUG Engine               - isExperimentalTiledLargeMap: false
17:42:49.731 [FXGL Background Thread 3 ] DEBUG Engine               - isFileSystemWriteAllowed: true
17:42:49.731 [FXGL Background Thread 3 ] DEBUG Engine               - isFullScreenAllowed: false
17:42:49.731 [FXGL Background Thread 3 ] DEBUG Engine               - isFullScreenFromStart: false
17:42:49.731 [FXGL Background Thread 3 ] DEBUG Engine               - isGameMenuEnabled: true
17:42:49.731 [FXGL Background Thread 3 ] DEBUG Engine               - isIOS: false
17:42:49.731 [FXGL Background Thread 3 ] DEBUG Engine               - isIntroEnabled: false
17:42:49.731 [FXGL Background Thread 3 ] DEBUG Engine               - isLinux: false
17:42:49.733 [FXGL Background Thread 3 ] DEBUG Engine               - isMac: false
17:42:49.733 [FXGL Background Thread 3 ] DEBUG Engine               - isMainMenuEnabled: false
17:42:49.733 [FXGL Background Thread 3 ] DEBUG Engine               - isManualResizeEnabled: false
17:42:49.733 [FXGL Background Thread 3 ] DEBUG Engine               - isMobile: false
17:42:49.733 [FXGL Background Thread 3 ] DEBUG Engine               - isNative: false
17:42:49.733 [FXGL Background Thread 3 ] DEBUG Engine               - isPauseMusicWhenMinimized: true
17:42:49.734 [FXGL Background Thread 3 ] DEBUG Engine               - isPreserveResizeRatio: false
17:42:49.734 [FXGL Background Thread 3 ] DEBUG Engine               - isProfilingEnabled: false
17:42:49.734 [FXGL Background Thread 3 ] DEBUG Engine               - isScaleAffectedOnResize: true
17:42:49.734 [FXGL Background Thread 3 ] DEBUG Engine               - isSingleStep: false
17:42:49.734 [FXGL Background Thread 3 ] DEBUG Engine               - isUserProfileEnabled: false
17:42:49.734 [FXGL Background Thread 3 ] DEBUG Engine               - isWindows: true
17:42:49.734 [FXGL Background Thread 3 ] DEBUG Engine               - language: ObjectProperty [value: ENGLISH]
17:42:49.734 [FXGL Background Thread 3 ] DEBUG Engine               - menuKey: ESCAPE
17:42:49.734 [FXGL Background Thread 3 ] DEBUG Engine               - mouseSensitivity: 0.2
17:42:49.734 [FXGL Background Thread 3 ] DEBUG Engine               - notificationViewClass: class com.almasb.fxgl.notification.view.XboxNotificationView
17:42:49.734 [FXGL Background Thread 3 ] DEBUG Engine               - pixelsPerMeter: 50.0
17:42:49.734 [FXGL Background Thread 3 ] DEBUG Engine               - platform: WINDOWS
17:42:49.734 [FXGL Background Thread 3 ] DEBUG Engine               - prefHeightProperty: ReadOnlyDoubleProperty [value: 1200.0]
17:42:49.734 [FXGL Background Thread 3 ] DEBUG Engine               - prefWidthProperty: ReadOnlyDoubleProperty [value: 1600.0]
17:42:49.734 [FXGL Background Thread 3 ] DEBUG Engine               - profileDir: profiles/
17:42:49.734 [FXGL Background Thread 3 ] DEBUG Engine               - profileName: StringProperty [value: DEFAULT]
17:42:49.734 [FXGL Background Thread 3 ] DEBUG Engine               - randomSeed: -1
17:42:49.734 [FXGL Background Thread 3 ] DEBUG Engine               - runtimeInfo: RuntimeInfo(platform=WINDOWS, version=11.17, build=16.07.2021 15.46)
17:42:49.734 [FXGL Background Thread 3 ] DEBUG Engine               - saveFileExt: sav
17:42:49.734 [FXGL Background Thread 3 ] DEBUG Engine               - scaledHeightProp$fxgl: DoubleProperty [bound, value: 1200.0]
17:42:49.734 [FXGL Background Thread 3 ] DEBUG Engine               - scaledWidthProp$fxgl: DoubleProperty [bound, value: 1600.0]
17:42:49.734 [FXGL Background Thread 3 ] DEBUG Engine               - sceneFactory: com.almasb.fxgl.app.scene.SceneFactory@7adb4ba7
17:42:49.734 [FXGL Background Thread 3 ] DEBUG Engine               - secondsIn24h: 60
17:42:49.734 [FXGL Background Thread 3 ] DEBUG Engine               - soundMenuBack: menu/back.wav
17:42:49.734 [FXGL Background Thread 3 ] DEBUG Engine               - soundMenuPress: menu/press.wav
17:42:49.734 [FXGL Background Thread 3 ] DEBUG Engine               - soundMenuSelect: menu/select.wav
17:42:49.734 [FXGL Background Thread 3 ] DEBUG Engine               - soundNotification: core/notification.wav
17:42:49.734 [FXGL Background Thread 3 ] DEBUG Engine               - stageStyle: DECORATED
17:42:49.734 [FXGL Background Thread 3 ] DEBUG Engine               - supportedLanguages: [ENGLISH, FRENCH, GERMAN, HUNGARIAN, RUSSIAN]
17:42:49.734 [FXGL Background Thread 3 ] DEBUG Engine               - ticksPerSecond: -1
17:42:49.734 [FXGL Background Thread 3 ] DEBUG Engine               - title: Simple FXGL Game
17:42:49.734 [FXGL Background Thread 3 ] DEBUG Engine               - urlGithub: https://github.com/AlmasB/FXGL
17:42:49.734 [FXGL Background Thread 3 ] DEBUG Engine               - urlLeaderboard: http://fxgl-top.herokuapp.com/
17:42:49.734 [FXGL Background Thread 3 ] DEBUG Engine               - urlPOM: https://raw.githubusercontent.com/AlmasB/FXGL/release/README.md
17:42:49.734 [FXGL Background Thread 3 ] DEBUG Engine               - userAppClass: class jav.offroadrpg.GameApp
17:42:49.734 [FXGL Background Thread 3 ] DEBUG Engine               - version: 0.1
17:42:49.734 [FXGL Background Thread 3 ] DEBUG Engine               - versionCheckDays: 7
17:42:49.734 [FXGL Background Thread 3 ] DEBUG Engine               - width: 1600
17:42:49.734 [FXGL Background Thread 3 ] DEBUG Engine               - Logging services
17:42:49.734 [FXGL Background Thread 3 ] DEBUG Engine               - class com.almasb.fxgl.app.services.FXGLAssetLoaderService
17:42:49.734 [FXGL Background Thread 3 ] DEBUG Engine               - class com.almasb.fxgl.app.FXGLApplication$GameApplicationService
17:42:49.734 [FXGL Background Thread 3 ] DEBUG Engine               - class com.almasb.fxgl.app.services.FXGLDialogService
17:42:49.734 [FXGL Background Thread 3 ] DEBUG Engine               - class com.almasb.fxgl.app.services.IOTaskExecutorService
17:42:49.734 [FXGL Background Thread 3 ] DEBUG Engine               - class com.almasb.fxgl.io.FileSystemService
17:42:49.734 [FXGL Background Thread 3 ] DEBUG Engine               - class com.almasb.fxgl.localization.LocalizationService
17:42:49.734 [FXGL Background Thread 3 ] DEBUG Engine               - class com.almasb.fxgl.app.services.SystemBundleService
17:42:49.734 [FXGL Background Thread 3 ] DEBUG Engine               - class com.almasb.fxgl.profile.SaveLoadService
17:42:49.734 [FXGL Background Thread 3 ] DEBUG Engine               - class com.almasb.fxgl.ui.FXGLUIFactoryServiceProvider
17:42:49.734 [FXGL Background Thread 3 ] DEBUG Engine               - class com.almasb.fxgl.ui.FXGLDialogFactoryServiceProvider
17:42:49.734 [FXGL Background Thread 3 ] DEBUG Engine               - class com.almasb.fxgl.audio.AudioPlayer
17:42:49.734 [FXGL Background Thread 3 ] DEBUG Engine               - class com.almasb.fxgl.notification.impl.NotificationServiceProvider
17:42:49.734 [FXGL Background Thread 3 ] DEBUG Engine               - class com.almasb.fxgl.achievement.AchievementService
17:42:49.734 [FXGL Background Thread 3 ] DEBUG Engine               - class com.almasb.fxgl.cutscene.CutsceneService
17:42:49.734 [FXGL Background Thread 3 ] DEBUG Engine               - class com.almasb.fxgl.minigames.MiniGameService
17:42:49.734 [FXGL Background Thread 3 ] DEBUG Engine               - class com.almasb.fxgl.net.NetService
17:42:49.734 [FXGL Background Thread 3 ] DEBUG Engine               - class com.almasb.fxgl.app.services.UpdaterService
17:42:49.735 [FXGL Background Thread 3 ] DEBUG Engine               - class com.almasb.fxgl.dev.DevService
17:42:54.426 [JavaFX Application Thread] DEBUG FXGLApplication      - Exiting FXGL
17:42:54.426 [JavaFX Application Thread] DEBUG LoopRunner           - Stopping loop
17:42:54.426 [JavaFX Application Thread] DEBUG SystemBundleService  - Saving FXGL system data
17:42:54.427 [JavaFX Application Thread] DEBUG FileSystemAccess     - Writing to: D:\Mgame\the_rpg\system\fxgl.bundle
17:42:54.428 [JavaFX Application Thread] DEBUG Async                - Shutting down background threads
17:42:54.428 [JavaFX Application Thread] DEBUG PrimaryStageWindow   - Closing main window
17:42:54.443 [JavaFX Application Thread] DEBUG Logger               - Closing Logger
